<?xml version="1.0" encoding="UTF-8"?>
<testsuites name="Odoo Test Suite Collection" time="207.692" tests="15" failures="3" errors="0">
   <testsuite name="API Testing" tests="1" failures="0" errors="0" time="2.759" skipped="0" timestamp="06-05-2024T09:50:17" hostname="UmaSankaran - host.docker.internal" id="Test Suites/API Testing">
      <properties>
         <property name="deviceName" value=""/>
         <property name="devicePlatform" value=""/>
         <property name="logFolder" value="C:\\Users\\UmaSankaran\\git\\OdooInventoryKatalon\\newcode\\OdooInventoryKatalon\\05-02\\Reports\\20240506_095006\\API Testing\\20240506_095007"/>
         <property name="logFiles" value="C:\\Users\\UmaSankaran\\git\\OdooInventoryKatalon\\newcode\\OdooInventoryKatalon\\05-02\\Reports\\20240506_095006\\API Testing\\20240506_095007\\execution0.log"/>
         <property name="attachments" value=""/>
         <property name="hostName" value="UmaSankaran - host.docker.internal"/>
         <property name="hostAddress" value="10.0.0.145"/>
         <property name="os" value="Windows 10 64bit"/>
         <property name="katalonVersion" value="9.3.2.212"/>
      </properties>
      <testcase name="Test Cases/restful-booker API Testing" time="2.578" classname="Test Cases/restful-booker API Testing" status="PASSED">
         <system-out><![CDATA[06-05-2024T09:50:17 - [TEST_CASE][PASSED] - Test Cases/restful-booker API Testing: Test Cases/restful-booker API Testing

06-05-2024T09:50:18 - [TEST_STEP][PASSED] - sendRequest(findTestObject("restful-booker API/Booking - GetBookingIds")): Send request successfully

06-05-2024T09:50:20 - [MESSAGE][INFO] - HAR: C:\Users\UmaSankaran\git\OdooInventoryKatalon\newcode\OdooInventoryKatalon\05-02\Reports\20240506_095006\API Testing\20240506_095007\requests\main\0.har

06-05-2024T09:50:20 - [MESSAGE][PASSED] - Send request successfully]]></system-out>
         <system-err><![CDATA[]]></system-err>
      </testcase>
      <system-out><![CDATA[06-05-2024T09:50:17 - [TEST_SUITE][PASSED] - API Testing: Test Cases/restful-booker API Testing]]></system-out>
      <system-err><![CDATA[]]></system-err>
   </testsuite>
   <testsuite name="Goods Receipt" tests="1" failures="0" errors="0" time="8.806" skipped="0" timestamp="06-05-2024T09:50:24" hostname="UmaSankaran - host.docker.internal" id="Test Suites/Goods Receipt">
      <properties>
         <property name="deviceName" value=""/>
         <property name="devicePlatform" value=""/>
         <property name="logFolder" value="C:\\Users\\UmaSankaran\\git\\OdooInventoryKatalon\\newcode\\OdooInventoryKatalon\\05-02\\Reports\\20240506_095006\\Goods Receipt\\20240506_095009"/>
         <property name="logFiles" value="C:\\Users\\UmaSankaran\\git\\OdooInventoryKatalon\\newcode\\OdooInventoryKatalon\\05-02\\Reports\\20240506_095006\\Goods Receipt\\20240506_095009\\execution0.log"/>
         <property name="attachments" value=""/>
         <property name="hostName" value="UmaSankaran - host.docker.internal"/>
         <property name="os" value="Windows 10 64bit"/>
         <property name="katalonVersion" value="9.3.2.212"/>
         <property name="browser" value="Chrome 123.0.0.0"/>
         <property name="hostAddress" value="10.0.0.145"/>
         <property name="sessionId" value="e33ac259360c183738096c3169551106"/>
         <property name="seleniumVersion" value="3.141.59"/>
         <property name="proxyInformation" value="ProxyInformation { proxyOption=NO_PROXY, proxyServerType=HTTP, username=, password=********, proxyServerAddress=, proxyServerPort=0, executionList=&quot;&quot;, isApplyToDesiredCapabilities=true }"/>
         <property name="platform" value="Windows 10"/>
      </properties>
      <testcase name="Test Cases/Login to Odoo Inventory ERP System" time="8.616" classname="Test Cases/Login to Odoo Inventory ERP System" status="PASSED">
         <system-out><![CDATA[06-05-2024T09:50:25 - [TEST_CASE][PASSED] - Test Cases/Login to Odoo Inventory ERP System: Test Cases/Login to Odoo Inventory ERP System

06-05-2024T09:50:25 - [TEST_STEP][PASSED] - openBrowser(""): Browser is opened with url: ''

06-05-2024T09:50:25 - [MESSAGE][INFO] - Starting 'Chrome' driver

06-05-2024T09:50:25 - [MESSAGE][INFO] - Action delay is set to 0 milliseconds

06-05-2024T09:50:28 - [MESSAGE][PASSED] - Browser is opened with url: ''

06-05-2024T09:50:28 - [TEST_STEP][PASSED] - navigateToUrl("https://freelance25.odoo.com/web/login?redirect=%2Fodoo%3F"): Navigate to 'https://freelance25.odoo.com/web/login?redirect=%2Fodoo%3F' successfully

06-05-2024T09:50:29 - [MESSAGE][PASSED] - Navigate to 'https://freelance25.odoo.com/web/login?redirect=%2Fodoo%3F' successfully

06-05-2024T09:50:29 - [TEST_STEP][PASSED] - setText(findTestObject("Object Repository/Odoo_loginPage/txt_Email"), Email): Text 'boybawang1900@gmail.com' is set on object 'Object Repository/Odoo_loginPage/txt_Email'

06-05-2024T09:50:30 - [MESSAGE][PASSED] - Text 'boybawang1900@gmail.com' is set on object 'Object Repository/Odoo_loginPage/txt_Email'

06-05-2024T09:50:30 - [TEST_STEP][PASSED] - setText(findTestObject("Object Repository/Odoo_loginPage/txt_Password"), Password): Text 'OdooLogin@1234' is set on object 'Object Repository/Odoo_loginPage/txt_Password'

06-05-2024T09:50:31 - [MESSAGE][PASSED] - Text 'OdooLogin@1234' is set on object 'Object Repository/Odoo_loginPage/txt_Password'

06-05-2024T09:50:31 - [TEST_STEP][PASSED] - click(findTestObject("Object Repository/Odoo_loginPage/btn_Login")): Object: 'Object Repository/Odoo_loginPage/btn_Login' is clicked on

06-05-2024T09:50:33 - [MESSAGE][PASSED] - Object: 'Object Repository/Odoo_loginPage/btn_Login' is clicked on]]></system-out>
         <system-err><![CDATA[]]></system-err>
      </testcase>
      <system-out><![CDATA[06-05-2024T09:50:24 - [TEST_SUITE][PASSED] - Goods Receipt: Test Cases/Login to Odoo Inventory ERP System]]></system-out>
      <system-err><![CDATA[]]></system-err>
   </testsuite>
   <testsuite name="Scrap Inventory" tests="13" failures="3" errors="0" time="182.884" skipped="0" timestamp="06-05-2024T09:50:38" hostname="UmaSankaran - host.docker.internal" id="Test Suites/Scrap Inventory">
      <properties>
         <property name="deviceName" value=""/>
         <property name="devicePlatform" value=""/>
         <property name="logFolder" value="C:\\Users\\UmaSankaran\\git\\OdooInventoryKatalon\\newcode\\OdooInventoryKatalon\\05-02\\Reports\\20240506_095006\\Scrap Inventory\\20240506_095011"/>
         <property name="logFiles" value="C:\\Users\\UmaSankaran\\git\\OdooInventoryKatalon\\newcode\\OdooInventoryKatalon\\05-02\\Reports\\20240506_095006\\Scrap Inventory\\20240506_095011\\execution0.log"/>
         <property name="attachments" value="C:\\Users\\UmaSankaran\\git\\OdooInventoryKatalon\\newcode\\OdooInventoryKatalon\\05-02\\Reports\\20240506_095006\\Scrap Inventory\\20240506_095011\\1715003555084.png, C:\\Users\\UmaSankaran\\git\\OdooInventoryKatalon\\newcode\\OdooInventoryKatalon\\05-02\\Reports\\20240506_095006\\Scrap Inventory\\20240506_095011\\1715003620006.png"/>
         <property name="hostName" value="UmaSankaran - host.docker.internal"/>
         <property name="os" value="Windows 10 64bit"/>
         <property name="katalonVersion" value="9.3.2.212"/>
         <property name="browser" value="Chrome 123.0.0.0"/>
         <property name="hostAddress" value="10.0.0.145"/>
         <property name="sessionId" value="1e6439f8570b4c43bf9132102c43d430"/>
         <property name="seleniumVersion" value="3.141.59"/>
         <property name="proxyInformation" value="ProxyInformation { proxyOption=NO_PROXY, proxyServerType=HTTP, username=, password=********, proxyServerAddress=, proxyServerPort=0, executionList=&quot;&quot;, isApplyToDesiredCapabilities=true }"/>
         <property name="platform" value="Windows 10"/>
      </properties>
      <testcase name="Test Cases/Create a New Warehouse" time="16.404" classname="Test Cases/Create a New Warehouse" status="PASSED">
         <system-out><![CDATA[06-05-2024T09:50:38 - [TEST_CASE][PASSED] - Test Cases/Create a New Warehouse: Test Cases/Create a New Warehouse

06-05-2024T09:50:39 - [TEST_STEP][PASSED] - callTestCase(findTestCase("Login to Odoo Inventory ERP System"), ["Email":"vinita.gaikwad07@gmail.com", "Password":"Test@123"], STOP_ON_FAILURE): Call Test Case 'Test Cases/Login to Odoo Inventory ERP System' successfully

06-05-2024T09:50:39 - [TEST_CASE][PASSED] - Test Cases/Login to Odoo Inventory ERP System: Test Cases/Login to Odoo Inventory ERP System

06-05-2024T09:50:39 - [TEST_STEP][PASSED] - openBrowser(""): Browser is opened with url: ''

06-05-2024T09:50:39 - [MESSAGE][INFO] - Starting 'Chrome' driver

06-05-2024T09:50:39 - [MESSAGE][INFO] - Action delay is set to 0 milliseconds

06-05-2024T09:50:41 - [MESSAGE][PASSED] - Browser is opened with url: ''

06-05-2024T09:50:41 - [TEST_STEP][PASSED] - navigateToUrl("https://freelance25.odoo.com/web/login?redirect=%2Fodoo%3F"): Navigate to 'https://freelance25.odoo.com/web/login?redirect=%2Fodoo%3F' successfully

06-05-2024T09:50:43 - [MESSAGE][PASSED] - Navigate to 'https://freelance25.odoo.com/web/login?redirect=%2Fodoo%3F' successfully

06-05-2024T09:50:43 - [TEST_STEP][PASSED] - setText(findTestObject("Object Repository/Odoo_loginPage/txt_Email"), Email): Text 'vinita.gaikwad07@gmail.com' is set on object 'Object Repository/Odoo_loginPage/txt_Email'

06-05-2024T09:50:44 - [MESSAGE][PASSED] - Text 'vinita.gaikwad07@gmail.com' is set on object 'Object Repository/Odoo_loginPage/txt_Email'

06-05-2024T09:50:44 - [TEST_STEP][PASSED] - setText(findTestObject("Object Repository/Odoo_loginPage/txt_Password"), Password): Text 'Test@123' is set on object 'Object Repository/Odoo_loginPage/txt_Password'

06-05-2024T09:50:45 - [MESSAGE][PASSED] - Text 'Test@123' is set on object 'Object Repository/Odoo_loginPage/txt_Password'

06-05-2024T09:50:45 - [TEST_STEP][PASSED] - click(findTestObject("Object Repository/Odoo_loginPage/btn_Login")): Object: 'Object Repository/Odoo_loginPage/btn_Login' is clicked on

06-05-2024T09:50:46 - [MESSAGE][PASSED] - Object: 'Object Repository/Odoo_loginPage/btn_Login' is clicked on

06-05-2024T09:50:46 - [MESSAGE][PASSED] - Call Test Case 'Test Cases/Login to Odoo Inventory ERP System' successfully

06-05-2024T09:50:46 - [TEST_STEP][PASSED] - click(findTestObject("homeMenuPage/inventorylink")): Object: 'Object Repository/homeMenuPage/inventorylink' is clicked on

06-05-2024T09:50:47 - [MESSAGE][PASSED] - Object: 'Object Repository/homeMenuPage/inventorylink' is clicked on

06-05-2024T09:50:47 - [TEST_STEP][PASSED] - click(findTestObject("inventoryPage/configurationMenu")): Object: 'Object Repository/inventoryPage/configurationMenu' is clicked on

06-05-2024T09:50:48 - [MESSAGE][PASSED] - Object: 'Object Repository/inventoryPage/configurationMenu' is clicked on

06-05-2024T09:50:48 - [TEST_STEP][PASSED] - click(findTestObject("inventoryPage/warehousesSubMenu")): Object: 'Object Repository/inventoryPage/warehousesSubMenu' is clicked on

06-05-2024T09:50:49 - [MESSAGE][PASSED] - Object: 'Object Repository/inventoryPage/warehousesSubMenu' is clicked on

06-05-2024T09:50:49 - [TEST_STEP][PASSED] - click(findTestObject("warehousesPage/newButton")): Object: 'Object Repository/warehousesPage/newButton' is clicked on

06-05-2024T09:50:50 - [MESSAGE][PASSED] - Object: 'Object Repository/warehousesPage/newButton' is clicked on

06-05-2024T09:50:50 - [TEST_STEP][PASSED] - setText(findTestObject("warehouseConfigurationPage/warehouseNameText"), WarehouseName): Text '' is set on object 'Object Repository/warehouseConfigurationPage/warehouseNameText'

06-05-2024T09:50:51 - [MESSAGE][PASSED] - Text '' is set on object 'Object Repository/warehouseConfigurationPage/warehouseNameText'

06-05-2024T09:50:51 - [TEST_STEP][PASSED] - setText(findTestObject("Object Repository/warehouseConfigurationPage/shortNameText"), ShortName): Text '' is set on object 'Object Repository/warehouseConfigurationPage/shortNameText'

06-05-2024T09:50:51 - [MESSAGE][PASSED] - Text '' is set on object 'Object Repository/warehouseConfigurationPage/shortNameText'

06-05-2024T09:50:51 - [TEST_STEP][PASSED] - setText(findTestObject("Object Repository/warehouseConfigurationPage/addressText"), "345 rose st"): Text '345 rose st' is set on object 'Object Repository/warehouseConfigurationPage/addressText'

06-05-2024T09:50:52 - [MESSAGE][PASSED] - Text '345 rose st' is set on object 'Object Repository/warehouseConfigurationPage/addressText'

06-05-2024T09:50:52 - [TEST_STEP][PASSED] - click(findTestObject("Object Repository/warehouseConfigurationPage/resupplyFromMainWarehouseCheckbox")): Object: 'Object Repository/warehouseConfigurationPage/resupplyFromMainWarehouseCheckbox' is clicked on

06-05-2024T09:50:53 - [MESSAGE][PASSED] - Object: 'Object Repository/warehouseConfigurationPage/resupplyFromMainWarehouseCheckbox' is clicked on

06-05-2024T09:50:53 - [TEST_STEP][PASSED] - click(findTestObject("Object Repository/warehouseConfigurationPage/saveManuallyButton")): Object: 'Object Repository/warehouseConfigurationPage/saveManuallyButton' is clicked on

06-05-2024T09:50:54 - [MESSAGE][PASSED] - Object: 'Object Repository/warehouseConfigurationPage/saveManuallyButton' is clicked on

06-05-2024T09:50:54 - [TEST_STEP][PASSED] - click(findTestObject("Object Repository/warehouseConfigurationPage/warehousesLink")): Object: 'Object Repository/warehouseConfigurationPage/warehousesLink' is clicked on

06-05-2024T09:50:54 - [MESSAGE][PASSED] - Object: 'Object Repository/warehouseConfigurationPage/warehousesLink' is clicked on

06-05-2024T09:50:54 - [TEST_STEP][PASSED] - closeBrowser(): Browser is closed

06-05-2024T09:50:55 - [MESSAGE][PASSED] - Browser is closed]]></system-out>
         <system-err><![CDATA[]]></system-err>
      </testcase>
      <testcase name="Test Cases/Create new product (end to end)" time="14.643" classname="Test Cases/Create new product (end to end)" status="PASSED">
         <system-out><![CDATA[06-05-2024T09:50:55 - [TEST_CASE][PASSED] - Test Cases/Create new product (end to end): Test Cases/Create new product (end to end)

06-05-2024T09:50:55 - [TEST_STEP][PASSED] - openBrowser(""): Browser is opened with url: ''

06-05-2024T09:50:55 - [MESSAGE][INFO] - Starting 'Chrome' driver

06-05-2024T09:50:55 - [MESSAGE][INFO] - Action delay is set to 0 milliseconds

06-05-2024T09:50:56 - [MESSAGE][PASSED] - Browser is opened with url: ''

06-05-2024T09:50:56 - [TEST_STEP][PASSED] - navigateToUrl("https://freelance25.odoo.com/web/login?redirect=%2Fodoo%2Faction-268%3Fcids%3D1"): Navigate to 'https://freelance25.odoo.com/web/login?redirect=%2Fodoo%2Faction-268%3Fcids%3D1' successfully

06-05-2024T09:50:56 - [MESSAGE][PASSED] - Navigate to 'https://freelance25.odoo.com/web/login?redirect=%2Fodoo%2Faction-268%3Fcids%3D1' successfully

06-05-2024T09:50:56 - [TEST_STEP][PASSED] - setText(findTestObject("Object Repository/Page_Odoo/input_Email_login"), "khayati0308@gmail.com"): Text 'khayati0308@gmail.com' is set on object 'Object Repository/Page_Odoo/input_Email_login'

06-05-2024T09:50:57 - [MESSAGE][PASSED] - Text 'khayati0308@gmail.com' is set on object 'Object Repository/Page_Odoo/input_Email_login'

06-05-2024T09:50:57 - [TEST_STEP][PASSED] - setEncryptedText(findTestObject("Object Repository/Page_Odoo/input_Password_password"), "US8zkPuVayvEXuGpxZiGdw=="): Text ****** has been set on object 'Object Repository/Page_Odoo/input_Password_password'

06-05-2024T09:50:58 - [MESSAGE][PASSED] - Text ****** has been set on object 'Object Repository/Page_Odoo/input_Password_password'

06-05-2024T09:50:58 - [TEST_STEP][PASSED] - click(findTestObject("Object Repository/Page_Odoo/button_Log in")): Object: 'Object Repository/Page_Odoo/button_Log in' is clicked on

06-05-2024T09:51:00 - [MESSAGE][PASSED] - Object: 'Object Repository/Page_Odoo/button_Log in' is clicked on

06-05-2024T09:51:00 - [TEST_STEP][PASSED] - click(findTestObject("Object Repository/Page_Products/button_New")): Object: 'Object Repository/Page_Products/button_New' is clicked on

06-05-2024T09:51:01 - [MESSAGE][PASSED] - Object: 'Object Repository/Page_Products/button_New' is clicked on

06-05-2024T09:51:01 - [TEST_STEP][PASSED] - setText(findTestObject("Object Repository/Page_New/textarea_Product Name_name_0"), "burger"): Text 'burger' is set on object 'Object Repository/Page_New/textarea_Product Name_name_0'

06-05-2024T09:51:02 - [MESSAGE][PASSED] - Text 'burger' is set on object 'Object Repository/Page_New/textarea_Product Name_name_0'

06-05-2024T09:51:02 - [TEST_STEP][PASSED] - setText(findTestObject("Object Repository/Page_New/input__list_price_0"), "50"): Text '50' is set on object 'Object Repository/Page_New/input__list_price_0'

06-05-2024T09:51:03 - [MESSAGE][PASSED] - Text '50' is set on object 'Object Repository/Page_New/input__list_price_0'

06-05-2024T09:51:03 - [TEST_STEP][PASSED] - setText(findTestObject("Object Repository/Page_New/input__standard_price_0"), "20"): Text '20' is set on object 'Object Repository/Page_New/input__standard_price_0'

06-05-2024T09:51:05 - [MESSAGE][PASSED] - Text '20' is set on object 'Object Repository/Page_New/input__standard_price_0'

06-05-2024T09:51:05 - [TEST_STEP][PASSED] - click(findTestObject("Object Repository/Page_New/p_Reset Size_oe-hint oe-command-temporary-hint")): Object: 'Object Repository/Page_New/p_Reset Size_oe-hint oe-command-temporary-hint' is clicked on

06-05-2024T09:51:05 - [MESSAGE][PASSED] - Object: 'Object Repository/Page_New/p_Reset Size_oe-hint oe-command-temporary-hint' is clicked on

06-05-2024T09:51:05 - [TEST_STEP][PASSED] - uploadFile(findTestObject("Object Repository/Page_New/div_Reset Size_description_0"), "<p style="outline: rgb(255, 0, 0) solid 2px;">testing reference</p>"): File '<p style="outline: rgb(255, 0, 0) solid 2px;">testing reference</p>' sent to object: 'Object Repository/Page_New/div_Reset Size_description_0'

06-05-2024T09:51:06 - [MESSAGE][PASSED] - File '<p style="outline: rgb(255, 0, 0) solid 2px;">testing reference</p>' sent to object: 'Object Repository/Page_New/div_Reset Size_description_0'

06-05-2024T09:51:06 - [TEST_STEP][PASSED] - s1 = "ABCDEFGHIJKLMNOPQRSTUVWXYZabcdefghijklmnopqrstuvwxyz0123456789": null

06-05-2024T09:51:06 - [TEST_STEP][PASSED] - rand = new java.util.Random(): null

06-05-2024T09:51:06 - [TEST_STEP][PASSED] - sb = new java.lang.StringBuilder(): null

06-05-2024T09:51:06 - [TEST_STEP][PASSED] - for ([j = 1, j <= 10, (j++)]): null

06-05-2024T09:51:06 - [TEST_STEP][PASSED] - sb.append(s1.charAt(rand.nextInt(s1.length()))): null

06-05-2024T09:51:06 - [TEST_STEP][PASSED] - sb.append(s1.charAt(rand.nextInt(s1.length()))): null

06-05-2024T09:51:06 - [TEST_STEP][PASSED] - sb.append(s1.charAt(rand.nextInt(s1.length()))): null

06-05-2024T09:51:06 - [TEST_STEP][PASSED] - sb.append(s1.charAt(rand.nextInt(s1.length()))): null

06-05-2024T09:51:06 - [TEST_STEP][PASSED] - sb.append(s1.charAt(rand.nextInt(s1.length()))): null

06-05-2024T09:51:06 - [TEST_STEP][PASSED] - sb.append(s1.charAt(rand.nextInt(s1.length()))): null

06-05-2024T09:51:06 - [TEST_STEP][PASSED] - sb.append(s1.charAt(rand.nextInt(s1.length()))): null

06-05-2024T09:51:06 - [TEST_STEP][PASSED] - sb.append(s1.charAt(rand.nextInt(s1.length()))): null

06-05-2024T09:51:06 - [TEST_STEP][PASSED] - sb.append(s1.charAt(rand.nextInt(s1.length()))): null

06-05-2024T09:51:06 - [TEST_STEP][PASSED] - sb.append(s1.charAt(rand.nextInt(s1.length()))): null

06-05-2024T09:51:06 - [TEST_STEP][PASSED] - setText(findTestObject("Object Repository/Page_New/input_Barcode_barcode_0"), sb.toString()): Text 'TWwOTdHLN7' is set on object 'Object Repository/Page_New/input_Barcode_barcode_0'

06-05-2024T09:51:07 - [MESSAGE][PASSED] - Text 'TWwOTdHLN7' is set on object 'Object Repository/Page_New/input_Barcode_barcode_0'

06-05-2024T09:51:07 - [TEST_STEP][PASSED] - click(findTestObject("Object Repository/Page_New/i_New_fa fa-cloud-upload fa-fw")): Object: 'Object Repository/Page_New/i_New_fa fa-cloud-upload fa-fw' is clicked on

06-05-2024T09:51:07 - [MESSAGE][PASSED] - Object: 'Object Repository/Page_New/i_New_fa fa-cloud-upload fa-fw' is clicked on

06-05-2024T09:51:07 - [TEST_STEP][PASSED] - click(findTestObject("Object Repository/Page_burger/span_Products")): Object: 'Object Repository/Page_burger/span_Products' is clicked on

06-05-2024T09:51:09 - [MESSAGE][PASSED] - Object: 'Object Repository/Page_burger/span_Products' is clicked on

06-05-2024T09:51:09 - [TEST_STEP][PASSED] - click(findTestObject("Object Repository/Page_burger/a_Products")): Object: 'Object Repository/Page_burger/a_Products' is clicked on

06-05-2024T09:51:09 - [MESSAGE][PASSED] - Object: 'Object Repository/Page_burger/a_Products' is clicked on

06-05-2024T09:51:09 - [TEST_STEP][PASSED] - closeBrowser(): Browser is closed

06-05-2024T09:51:09 - [MESSAGE][PASSED] - Browser is closed]]></system-out>
         <system-err><![CDATA[]]></system-err>
      </testcase>
      <testcase name="Test Cases/Create Receipts_HM" time="38.711" classname="Test Cases/Create Receipts_HM" status="FAILED">
         <failure type="FAILED" message="Test Cases/Create Receipts_HM FAILED.&#xa;Reason:&#xa;com.kms.katalon.core.exception.StepFailedException: Unable to verify object 'Object Repository/homeMenuPage/inventorylink' is visible&#xa;	at com.kms.katalon.core.webui.keyword.internal.WebUIKeywordMain.stepFailed(WebUIKeywordMain.groovy:64)&#xa;	at com.kms.katalon.core.webui.keyword.internal.WebUIKeywordMain.runKeyword(WebUIKeywordMain.groovy:26)&#xa;	at com.kms.katalon.core.webui.keyword.builtin.VerifyElementVisibleKeyword.verifyElementVisible(VerifyElementVisibleKeyword.groovy:97)&#xa;	at com.kms.katalon.core.webui.keyword.builtin.VerifyElementVisibleKeyword.execute(VerifyElementVisibleKeyword.groovy:67)&#xa;	at com.kms.katalon.core.keyword.internal.KeywordExecutor.executeKeywordForPlatform(KeywordExecutor.groovy:74)&#xa;	at com.kms.katalon.core.webui.keyword.WebUiBuiltInKeywords.verifyElementVisible(WebUiBuiltInKeywords.groovy:415)&#xa;	at Create Receipts_HM.run(Create Receipts_HM:22)&#xa;	at com.kms.katalon.core.main.ScriptEngine.run(ScriptEngine.java:194)&#xa;	at com.kms.katalon.core.main.ScriptEngine.runScriptAsRawText(ScriptEngine.java:119)&#xa;	at com.kms.katalon.core.main.TestCaseExecutor.runScript(TestCaseExecutor.java:448)&#xa;	at com.kms.katalon.core.main.TestCaseExecutor.doExecute(TestCaseExecutor.java:439)&#xa;	at com.kms.katalon.core.main.TestCaseExecutor.processExecutionPhase(TestCaseExecutor.java:418)&#xa;	at com.kms.katalon.core.main.TestCaseExecutor.accessMainPhase(TestCaseExecutor.java:410)&#xa;	at com.kms.katalon.core.main.TestCaseExecutor.execute(TestCaseExecutor.java:285)&#xa;	at com.kms.katalon.core.common.CommonExecutor.accessTestCaseMainPhase(CommonExecutor.java:65)&#xa;	at com.kms.katalon.core.main.TestSuiteExecutor.accessTestSuiteMainPhase(TestSuiteExecutor.java:148)&#xa;	at com.kms.katalon.core.main.TestSuiteExecutor.execute(TestSuiteExecutor.java:106)&#xa;	at com.kms.katalon.core.main.TestCaseMain.startTestSuite(TestCaseMain.java:180)&#xa;	at TempTestSuite1715003411880.run(TempTestSuite1715003411880.groovy:35)&#xa;	at java.base/jdk.internal.reflect.NativeMethodAccessorImpl.invoke0(Native Method)&#xa;	at java.base/jdk.internal.reflect.NativeMethodAccessorImpl.invoke(NativeMethodAccessorImpl.java:77)&#xa;	at java.base/jdk.internal.reflect.DelegatingMethodAccessorImpl.invoke(DelegatingMethodAccessorImpl.java:43)&#xa;Caused by: com.kms.katalon.core.exception.StepFailedException: Web element with id: 'Object Repository/homeMenuPage/inventorylink' located by '//a[@id='result_app_2']/img' not found&#xa;	at com.kms.katalon.core.webui.keyword.internal.WebUIKeywordMain.stepFailed(WebUIKeywordMain.groovy:64)&#xa;	at com.kms.katalon.core.webui.keyword.builtin.VerifyElementVisibleKeyword$_verifyElementVisible_closure1.doCall(VerifyElementVisibleKeyword.groovy:89)&#xa;	at com.kms.katalon.core.webui.keyword.builtin.VerifyElementVisibleKeyword$_verifyElementVisible_closure1.call(VerifyElementVisibleKeyword.groovy)&#xa;	at com.kms.katalon.core.webui.keyword.internal.WebUIKeywordMain.runKeyword(WebUIKeywordMain.groovy:20)&#xa;	... 20 more&#xa;"/>
         <system-out><![CDATA[06-05-2024T09:51:09 - [TEST_CASE][FAILED] - Test Cases/Create Receipts_HM: Test Cases/Create Receipts_HM FAILED.
Reason:
com.kms.katalon.core.exception.StepFailedException: Unable to verify object 'Object Repository/homeMenuPage/inventorylink' is visible
	at com.kms.katalon.core.webui.keyword.internal.WebUIKeywordMain.stepFailed(WebUIKeywordMain.groovy:64)
	at com.kms.katalon.core.webui.keyword.internal.WebUIKeywordMain.runKeyword(WebUIKeywordMain.groovy:26)
	at com.kms.katalon.core.webui.keyword.builtin.VerifyElementVisibleKeyword.verifyElementVisible(VerifyElementVisibleKeyword.groovy:97)
	at com.kms.katalon.core.webui.keyword.builtin.VerifyElementVisibleKeyword.execute(VerifyElementVisibleKeyword.groovy:67)
	at com.kms.katalon.core.keyword.internal.KeywordExecutor.executeKeywordForPlatform(KeywordExecutor.groovy:74)
	at com.kms.katalon.core.webui.keyword.WebUiBuiltInKeywords.verifyElementVisible(WebUiBuiltInKeywords.groovy:415)
	at Create Receipts_HM.run(Create Receipts_HM:22)
	at com.kms.katalon.core.main.ScriptEngine.run(ScriptEngine.java:194)
	at com.kms.katalon.core.main.ScriptEngine.runScriptAsRawText(ScriptEngine.java:119)
	at com.kms.katalon.core.main.TestCaseExecutor.runScript(TestCaseExecutor.java:448)
	at com.kms.katalon.core.main.TestCaseExecutor.doExecute(TestCaseExecutor.java:439)
	at com.kms.katalon.core.main.TestCaseExecutor.processExecutionPhase(TestCaseExecutor.java:418)
	at com.kms.katalon.core.main.TestCaseExecutor.accessMainPhase(TestCaseExecutor.java:410)
	at com.kms.katalon.core.main.TestCaseExecutor.execute(TestCaseExecutor.java:285)
	at com.kms.katalon.core.common.CommonExecutor.accessTestCaseMainPhase(CommonExecutor.java:65)
	at com.kms.katalon.core.main.TestSuiteExecutor.accessTestSuiteMainPhase(TestSuiteExecutor.java:148)
	at com.kms.katalon.core.main.TestSuiteExecutor.execute(TestSuiteExecutor.java:106)
	at com.kms.katalon.core.main.TestCaseMain.startTestSuite(TestCaseMain.java:180)
	at TempTestSuite1715003411880.run(TempTestSuite1715003411880.groovy:35)
	at java.base/jdk.internal.reflect.NativeMethodAccessorImpl.invoke0(Native Method)
	at java.base/jdk.internal.reflect.NativeMethodAccessorImpl.invoke(NativeMethodAccessorImpl.java:77)
	at java.base/jdk.internal.reflect.DelegatingMethodAccessorImpl.invoke(DelegatingMethodAccessorImpl.java:43)
Caused by: com.kms.katalon.core.exception.StepFailedException: Web element with id: 'Object Repository/homeMenuPage/inventorylink' located by '//a[@id='result_app_2']/img' not found
	at com.kms.katalon.core.webui.keyword.internal.WebUIKeywordMain.stepFailed(WebUIKeywordMain.groovy:64)
	at com.kms.katalon.core.webui.keyword.builtin.VerifyElementVisibleKeyword$_verifyElementVisible_closure1.doCall(VerifyElementVisibleKeyword.groovy:89)
	at com.kms.katalon.core.webui.keyword.builtin.VerifyElementVisibleKeyword$_verifyElementVisible_closure1.call(VerifyElementVisibleKeyword.groovy)
	at com.kms.katalon.core.webui.keyword.internal.WebUIKeywordMain.runKeyword(WebUIKeywordMain.groovy:20)
	... 20 more


06-05-2024T09:51:09 - [TEST_STEP][PASSED] - callTestCase(findTestCase("Login to Odoo Inventory ERP System"), ["Email":Email, "Password":Password], STOP_ON_FAILURE): Call Test Case 'Test Cases/Login to Odoo Inventory ERP System' successfully

06-05-2024T09:51:09 - [TEST_CASE][PASSED] - Test Cases/Login to Odoo Inventory ERP System: Test Cases/Login to Odoo Inventory ERP System

06-05-2024T09:51:09 - [TEST_STEP][PASSED] - openBrowser(""): Browser is opened with url: ''

06-05-2024T09:51:09 - [MESSAGE][INFO] - Starting 'Chrome' driver

06-05-2024T09:51:09 - [MESSAGE][INFO] - Action delay is set to 0 milliseconds

06-05-2024T09:51:11 - [MESSAGE][PASSED] - Browser is opened with url: ''

06-05-2024T09:51:11 - [TEST_STEP][PASSED] - navigateToUrl("https://freelance25.odoo.com/web/login?redirect=%2Fodoo%3F"): Navigate to 'https://freelance25.odoo.com/web/login?redirect=%2Fodoo%3F' successfully

06-05-2024T09:51:11 - [MESSAGE][PASSED] - Navigate to 'https://freelance25.odoo.com/web/login?redirect=%2Fodoo%3F' successfully

06-05-2024T09:51:11 - [TEST_STEP][PASSED] - setText(findTestObject("Object Repository/Odoo_loginPage/txt_Email"), Email): Text '' is set on object 'Object Repository/Odoo_loginPage/txt_Email'

06-05-2024T09:51:13 - [MESSAGE][PASSED] - Text '' is set on object 'Object Repository/Odoo_loginPage/txt_Email'

06-05-2024T09:51:13 - [TEST_STEP][PASSED] - setText(findTestObject("Object Repository/Odoo_loginPage/txt_Password"), Password): Text '' is set on object 'Object Repository/Odoo_loginPage/txt_Password'

06-05-2024T09:51:13 - [MESSAGE][PASSED] - Text '' is set on object 'Object Repository/Odoo_loginPage/txt_Password'

06-05-2024T09:51:13 - [TEST_STEP][PASSED] - click(findTestObject("Object Repository/Odoo_loginPage/btn_Login")): Object: 'Object Repository/Odoo_loginPage/btn_Login' is clicked on

06-05-2024T09:51:14 - [MESSAGE][PASSED] - Object: 'Object Repository/Odoo_loginPage/btn_Login' is clicked on

06-05-2024T09:51:14 - [MESSAGE][PASSED] - Call Test Case 'Test Cases/Login to Odoo Inventory ERP System' successfully

06-05-2024T09:51:14 - [TEST_STEP][FAILED] - verifyElementVisible(findTestObject("homeMenuPage/inventorylink")): Unable to verify object 'Object Repository/homeMenuPage/inventorylink' is visible (Root cause: com.kms.katalon.core.exception.StepFailedException: Unable to verify object 'Object Repository/homeMenuPage/inventorylink' is visible
	at com.kms.katalon.core.webui.keyword.internal.WebUIKeywordMain.stepFailed(WebUIKeywordMain.groovy:64)
	at com.kms.katalon.core.webui.keyword.internal.WebUIKeywordMain.runKeyword(WebUIKeywordMain.groovy:26)
	at com.kms.katalon.core.webui.keyword.builtin.VerifyElementVisibleKeyword.verifyElementVisible(VerifyElementVisibleKeyword.groovy:97)
	at com.kms.katalon.core.webui.keyword.builtin.VerifyElementVisibleKeyword.execute(VerifyElementVisibleKeyword.groovy:67)
	at com.kms.katalon.core.keyword.internal.KeywordExecutor.executeKeywordForPlatform(KeywordExecutor.groovy:74)
	at com.kms.katalon.core.webui.keyword.WebUiBuiltInKeywords.verifyElementVisible(WebUiBuiltInKeywords.groovy:415)
	at Create Receipts_HM.run(Create Receipts_HM:22)
	at com.kms.katalon.core.main.ScriptEngine.run(ScriptEngine.java:194)
	at com.kms.katalon.core.main.ScriptEngine.runScriptAsRawText(ScriptEngine.java:119)
	at com.kms.katalon.core.main.TestCaseExecutor.runScript(TestCaseExecutor.java:448)
	at com.kms.katalon.core.main.TestCaseExecutor.doExecute(TestCaseExecutor.java:439)
	at com.kms.katalon.core.main.TestCaseExecutor.processExecutionPhase(TestCaseExecutor.java:418)
	at com.kms.katalon.core.main.TestCaseExecutor.accessMainPhase(TestCaseExecutor.java:410)
	at com.kms.katalon.core.main.TestCaseExecutor.execute(TestCaseExecutor.java:285)
	at com.kms.katalon.core.common.CommonExecutor.accessTestCaseMainPhase(CommonExecutor.java:65)
	at com.kms.katalon.core.main.TestSuiteExecutor.accessTestSuiteMainPhase(TestSuiteExecutor.java:148)
	at com.kms.katalon.core.main.TestSuiteExecutor.execute(TestSuiteExecutor.java:106)
	at com.kms.katalon.core.main.TestCaseMain.startTestSuite(TestCaseMain.java:180)
	at TempTestSuite1715003411880.run(TempTestSuite1715003411880.groovy:35)
	at java.base/jdk.internal.reflect.NativeMethodAccessorImpl.invoke0(Native Method)
	at java.base/jdk.internal.reflect.NativeMethodAccessorImpl.invoke(NativeMethodAccessorImpl.java:77)
	at java.base/jdk.internal.reflect.DelegatingMethodAccessorImpl.invoke(DelegatingMethodAccessorImpl.java:43)
Caused by: com.kms.katalon.core.exception.StepFailedException: Web element with id: 'Object Repository/homeMenuPage/inventorylink' located by '//a[@id='result_app_2']/img' not found
	at com.kms.katalon.core.webui.keyword.internal.WebUIKeywordMain.stepFailed(WebUIKeywordMain.groovy:64)
	at com.kms.katalon.core.webui.keyword.builtin.VerifyElementVisibleKeyword$_verifyElementVisible_closure1.doCall(VerifyElementVisibleKeyword.groovy:89)
	at com.kms.katalon.core.webui.keyword.builtin.VerifyElementVisibleKeyword$_verifyElementVisible_closure1.call(VerifyElementVisibleKeyword.groovy)
	at com.kms.katalon.core.webui.keyword.internal.WebUIKeywordMain.runKeyword(WebUIKeywordMain.groovy:20)
	... 20 more
)

06-05-2024T09:51:45 - [MESSAGE][INFO] - Unable to find the element located by 'By.xpath: //a[@id='result_app_2']/img'. Please recheck the objects properties to make sure the desired element is located. 

06-05-2024T09:51:45 - [MESSAGE][WARNING] - [SELF-HEALING] Failed to find element with id 'Object Repository/homeMenuPage/inventorylink'. Try using Self-healing.

06-05-2024T09:51:45 - [MESSAGE][INFO] - [SELF-HEALING] Failed Locator: '//a[@id='result_app_2']/img'.

06-05-2024T09:51:45 - [MESSAGE][INFO] - [SELF-HEALING] Failed Locator: '(//img[contains(@src,'data:image/png;base64,iVBORw0KGgoAAAANSUhEUgAAAGQAAABkCAYAAABw4pVUAAAACXBIWXMAABYlAAAWJQFJUiTwAAAAAXNSR0IArs4c6QAAAARnQU1BAACxjwv8YQUAAAUGSURBVHgB7Z3PbxtFFMff7DopgR4qDsAJ3CIQcIE7ByLTArlF/AGpySXqiYpjBe1u+QOgp9zIhjMCSxyCWhSKxIVbJRBSA5ItJKQK8aNNmya1d+d1Js5GaRvXO/tj9k3yPlESy3ac2J/M933XkscADMMwDMMwDMMwdhHgOJsr7zUbfrKk7kjPT/xQzHzXA4dxVgh+M30sPjr5IUgMHrjAE0Ej9pZdFeOkkP7Kqbbw8TNAcWy/y9Wd6qqvYePdy8vgGE4JGaycnAZfXACE6SzX12J86bdcWi1OCNHxNHiy8bkAcRpyIARErswX8kIGV95RK0KeHRVPWdFDHz0RTZy6HAJhyArR8aQeQN2emlAC+PcW4K+39PeuBxBOLq2RnC/khKQ1NuucGAcOJMAvt0CurT9wvhAYSTkIp6JeDwhBRsjIGlvkNq+vg1SrArSUEVdR8yWUsr9MRQwJIeNqrCk6nuTP/wJsxFl/hEyM1SrEtMaOA5UAVCK0kJx0EfutOldLLUKK1thHbk9H0vXbIFVEPSaeMlPnfLEupKwam4LdO8M5kT2estLTxy9HvlizWpOtCamwxkJV3JFPwY933+r+M3gmXOicszJfKhdiq8aWSR8n4Ld7r6nPV9XpyeGZKsZQJuGZTtCDCqlMSE01tjB/9F+Ea1uvq9VxdL+Ld2pyvFyVmEqEEKixxtyIn90WcSN+LsO1sSvQryTGShVCsMaORcfTta03tuPJHFQ1OWmVuVpKEUK9xo5CS9CrYndO5KXE+VJYiEM1dhcdTz/dfXPUnMgJqposooWvPy5Uk3MLcbXGahHZ5kReis2XBuTFEz+UkXe11djKEMdRyCV1wrKQEiBQY8lRixB6NZYOVoXQr7H1Y0WIczW2RioX4m6NrYdqhSgJ27OiIuzUWLvU2rLyYrfG2sU5Ia7VWFOcEeJqjTWFvBDXa6wppIUchBprCkkhB6nGmkJOyOrGNPw5eB4OKx4Q47/kaTjMkBNy2GEhxGAhxGAhxGAhxGAhxGAhxGAhxGAhxGAhxGAhxGAhxGAhxGAhxGAhxGAhxGAhxGAhxGAhxGAhxGAhxGAhxGAhxGAhxGAhxGAhxCgiBIEZRe7HJrcQlDCP25veM3vA4Q5B+DbkpPjmMysnA/TEnLqh449cuBFD8u1fYMJX6+87+TIEZeJ/QLx0pvNJoc1nCs+QiZnvg0T6LZQYweGMMQSBS09gfKKoDE2pG5jp/RV9L1nd2SFIHPAVgurjqvpyUYm4CiVR6gt2poZvB3FCb/Gn1t75fWPMfVDFwE0PvbMLnXNfQslUUnsnZ65EOsbk7YFewgcpxtS8xlDHUxUyNNVvE9t+pQkgLwgBp7P8PqKRtRNP8byz28Q+zGb7pbYQ4jyMiTFiQnSN7amMmi9zTjwO61uNb7ZfDtRqmYMRYqgIKavGmmL9qZOpaC1A9Frqvy4CmvOl1BprSq1vV6HnixByFdKaDLWukEpqrCkk3tBl73ypQUilNdYUEs/2TkW/RzsxZrsmV15jTSGxQvayOBs01fFq5pqcE2s11hRyQlIWZy+qGPNVjGGZR/vWa6wpZIWkLM5+qmqyN1dUTF011hTyQjQFY0zX2OiITD76oBPcBOI4ISRFixFiQtVkbML4v51EjTXFKSEpY+YLqRpripNCNMMY89Pjl/R+DGssJJdciKf9cFZIyu58AXiBYo1lGIZhGIZhGIahzn0LTSWMXT2aBAAAAABJRU5ErkJggg==')])[2]'.

06-05-2024T09:51:45 - [MESSAGE][INFO] - [SELF-HEALING] Failed Locator: '//div[3]/a/img'.

06-05-2024T09:51:46 - [MESSAGE][INFO] - [SELF-HEALING] Failed Locator: '//img[@src = 'data:image/png;base64,iVBORw0KGgoAAAANSUhEUgAAAGQAAABkCAYAAABw4pVUAAAACXBIWXMAABYlAAAWJQFJUiTwAAAAAXNSR0IArs4c6QAAAARnQU1BAACxjwv8YQUAAAUGSURBVHgB7Z3PbxtFFMff7DopgR4qDsAJ3CIQcIE7ByLTArlF/AGpySXqiYpjBe1u+QOgp9zIhjMCSxyCWhSKxIVbJRBSA5ItJKQK8aNNmya1d+d1Js5GaRvXO/tj9k3yPlESy3ac2J/M933XkscADMMwDMMwDMMwdhHgOJsr7zUbfrKk7kjPT/xQzHzXA4dxVgh+M30sPjr5IUgMHrjAE0Ej9pZdFeOkkP7Kqbbw8TNAcWy/y9Wd6qqvYePdy8vgGE4JGaycnAZfXACE6SzX12J86bdcWi1OCNHxNHiy8bkAcRpyIARErswX8kIGV95RK0KeHRVPWdFDHz0RTZy6HAJhyArR8aQeQN2emlAC+PcW4K+39PeuBxBOLq2RnC/khKQ1NuucGAcOJMAvt0CurT9wvhAYSTkIp6JeDwhBRsjIGlvkNq+vg1SrArSUEVdR8yWUsr9MRQwJIeNqrCk6nuTP/wJsxFl/hEyM1SrEtMaOA5UAVCK0kJx0EfutOldLLUKK1thHbk9H0vXbIFVEPSaeMlPnfLEupKwam4LdO8M5kT2estLTxy9HvlizWpOtCamwxkJV3JFPwY933+r+M3gmXOicszJfKhdiq8aWSR8n4Ld7r6nPV9XpyeGZKsZQJuGZTtCDCqlMSE01tjB/9F+Ea1uvq9VxdL+Ld2pyvFyVmEqEEKixxtyIn90WcSN+LsO1sSvQryTGShVCsMaORcfTta03tuPJHFQ1OWmVuVpKEUK9xo5CS9CrYndO5KXE+VJYiEM1dhcdTz/dfXPUnMgJqposooWvPy5Uk3MLcbXGahHZ5kReis2XBuTFEz+UkXe11djKEMdRyCV1wrKQEiBQY8lRixB6NZYOVoXQr7H1Y0WIczW2RioX4m6NrYdqhSgJ27OiIuzUWLvU2rLyYrfG2sU5Ia7VWFOcEeJqjTWFvBDXa6wppIUchBprCkkhB6nGmkJOyOrGNPw5eB4OKx4Q47/kaTjMkBNy2GEhxGAhxGAhxGAhxGAhxGAhxGAhxGAhxGAhxGAhxGAhxGAhxGAhxGAhxGAhxGAhxGAhxGAhxGAhxGAhxGAhxGAhxGAhxGAhxGAhxCgiBIEZRe7HJrcQlDCP25veM3vA4Q5B+DbkpPjmMysnA/TEnLqh449cuBFD8u1fYMJX6+87+TIEZeJ/QLx0pvNJoc1nCs+QiZnvg0T6LZQYweGMMQSBS09gfKKoDE2pG5jp/RV9L1nd2SFIHPAVgurjqvpyUYm4CiVR6gt2poZvB3FCb/Gn1t75fWPMfVDFwE0PvbMLnXNfQslUUnsnZ65EOsbk7YFewgcpxtS8xlDHUxUyNNVvE9t+pQkgLwgBp7P8PqKRtRNP8byz28Q+zGb7pbYQ4jyMiTFiQnSN7amMmi9zTjwO61uNb7ZfDtRqmYMRYqgIKavGmmL9qZOpaC1A9Frqvy4CmvOl1BprSq1vV6HnixByFdKaDLWukEpqrCkk3tBl73ypQUilNdYUEs/2TkW/RzsxZrsmV15jTSGxQvayOBs01fFq5pqcE2s11hRyQlIWZy+qGPNVjGGZR/vWa6wpZIWkLM5+qmqyN1dUTF011hTyQjQFY0zX2OiITD76oBPcBOI4ISRFixFiQtVkbML4v51EjTXFKSEpY+YLqRpripNCNMMY89Pjl/R+DGssJJdciKf9cFZIyu58AXiBYo1lGIZhGIZhGIahzn0LTSWMXT2aBAAAAABJRU5ErkJggg==']'.

06-05-2024T09:51:46 - [MESSAGE][INFO] - [SELF-HEALING] Failed Locator: '//a[@id='result_app_2']/img'.

06-05-2024T09:51:46 - [MESSAGE][INFO] - [SELF-HEALING] Failed Locator: '(//img[contains(@src,'data:image/png;base64,iVBORw0KGgoAAAANSUhEUgAAAGQAAABkCAYAAABw4pVUAAAACXBIWXMAABYlAAAWJQFJUiTwAAAAAXNSR0IArs4c6QAAAARnQU1BAACxjwv8YQUAAAUGSURBVHgB7Z3PbxtFFMff7DopgR4qDsAJ3CIQcIE7ByLTArlF/AGpySXqiYpjBe1u+QOgp9zIhjMCSxyCWhSKxIVbJRBSA5ItJKQK8aNNmya1d+d1Js5GaRvXO/tj9k3yPlESy3ac2J/M933XkscADMMwDMMwDMMwdhHgOJsr7zUbfrKk7kjPT/xQzHzXA4dxVgh+M30sPjr5IUgMHrjAE0Ej9pZdFeOkkP7Kqbbw8TNAcWy/y9Wd6qqvYePdy8vgGE4JGaycnAZfXACE6SzX12J86bdcWi1OCNHxNHiy8bkAcRpyIARErswX8kIGV95RK0KeHRVPWdFDHz0RTZy6HAJhyArR8aQeQN2emlAC+PcW4K+39PeuBxBOLq2RnC/khKQ1NuucGAcOJMAvt0CurT9wvhAYSTkIp6JeDwhBRsjIGlvkNq+vg1SrArSUEVdR8yWUsr9MRQwJIeNqrCk6nuTP/wJsxFl/hEyM1SrEtMaOA5UAVCK0kJx0EfutOldLLUKK1thHbk9H0vXbIFVEPSaeMlPnfLEupKwam4LdO8M5kT2estLTxy9HvlizWpOtCamwxkJV3JFPwY933+r+M3gmXOicszJfKhdiq8aWSR8n4Ld7r6nPV9XpyeGZKsZQJuGZTtCDCqlMSE01tjB/9F+Ea1uvq9VxdL+Ld2pyvFyVmEqEEKixxtyIn90WcSN+LsO1sSvQryTGShVCsMaORcfTta03tuPJHFQ1OWmVuVpKEUK9xo5CS9CrYndO5KXE+VJYiEM1dhcdTz/dfXPUnMgJqposooWvPy5Uk3MLcbXGahHZ5kReis2XBuTFEz+UkXe11djKEMdRyCV1wrKQEiBQY8lRixB6NZYOVoXQr7H1Y0WIczW2RioX4m6NrYdqhSgJ27OiIuzUWLvU2rLyYrfG2sU5Ia7VWFOcEeJqjTWFvBDXa6wppIUchBprCkkhB6nGmkJOyOrGNPw5eB4OKx4Q47/kaTjMkBNy2GEhxGAhxGAhxGAhxGAhxGAhxGAhxGAhxGAhxGAhxGAhxGAhxGAhxGAhxGAhxGAhxGAhxGAhxGAhxGAhxGAhxGAhxGAhxGAhxGAhxCgiBIEZRe7HJrcQlDCP25veM3vA4Q5B+DbkpPjmMysnA/TEnLqh449cuBFD8u1fYMJX6+87+TIEZeJ/QLx0pvNJoc1nCs+QiZnvg0T6LZQYweGMMQSBS09gfKKoDE2pG5jp/RV9L1nd2SFIHPAVgurjqvpyUYm4CiVR6gt2poZvB3FCb/Gn1t75fWPMfVDFwE0PvbMLnXNfQslUUnsnZ65EOsbk7YFewgcpxtS8xlDHUxUyNNVvE9t+pQkgLwgBp7P8PqKRtRNP8byz28Q+zGb7pbYQ4jyMiTFiQnSN7amMmi9zTjwO61uNb7ZfDtRqmYMRYqgIKavGmmL9qZOpaC1A9Frqvy4CmvOl1BprSq1vV6HnixByFdKaDLWukEpqrCkk3tBl73ypQUilNdYUEs/2TkW/RzsxZrsmV15jTSGxQvayOBs01fFq5pqcE2s11hRyQlIWZy+qGPNVjGGZR/vWa6wpZIWkLM5+qmqyN1dUTF011hTyQjQFY0zX2OiITD76oBPcBOI4ISRFixFiQtVkbML4v51EjTXFKSEpY+YLqRpripNCNMMY89Pjl/R+DGssJJdciKf9cFZIyu58AXiBYo1lGIZhGIZhGIahzn0LTSWMXT2aBAAAAABJRU5ErkJggg==')])[2]'.

06-05-2024T09:51:46 - [MESSAGE][INFO] - [SELF-HEALING] Failed Locator: '//div[3]/a/img'.

06-05-2024T09:51:47 - [MESSAGE][INFO] - [SELF-HEALING] Failed Locator: '//img[@src = 'data:image/png;base64,iVBORw0KGgoAAAANSUhEUgAAAGQAAABkCAYAAABw4pVUAAAACXBIWXMAABYlAAAWJQFJUiTwAAAAAXNSR0IArs4c6QAAAARnQU1BAACxjwv8YQUAAAUGSURBVHgB7Z3PbxtFFMff7DopgR4qDsAJ3CIQcIE7ByLTArlF/AGpySXqiYpjBe1u+QOgp9zIhjMCSxyCWhSKxIVbJRBSA5ItJKQK8aNNmya1d+d1Js5GaRvXO/tj9k3yPlESy3ac2J/M933XkscADMMwDMMwDMMwdhHgOJsr7zUbfrKk7kjPT/xQzHzXA4dxVgh+M30sPjr5IUgMHrjAE0Ej9pZdFeOkkP7Kqbbw8TNAcWy/y9Wd6qqvYePdy8vgGE4JGaycnAZfXACE6SzX12J86bdcWi1OCNHxNHiy8bkAcRpyIARErswX8kIGV95RK0KeHRVPWdFDHz0RTZy6HAJhyArR8aQeQN2emlAC+PcW4K+39PeuBxBOLq2RnC/khKQ1NuucGAcOJMAvt0CurT9wvhAYSTkIp6JeDwhBRsjIGlvkNq+vg1SrArSUEVdR8yWUsr9MRQwJIeNqrCk6nuTP/wJsxFl/hEyM1SrEtMaOA5UAVCK0kJx0EfutOldLLUKK1thHbk9H0vXbIFVEPSaeMlPnfLEupKwam4LdO8M5kT2estLTxy9HvlizWpOtCamwxkJV3JFPwY933+r+M3gmXOicszJfKhdiq8aWSR8n4Ld7r6nPV9XpyeGZKsZQJuGZTtCDCqlMSE01tjB/9F+Ea1uvq9VxdL+Ld2pyvFyVmEqEEKixxtyIn90WcSN+LsO1sSvQryTGShVCsMaORcfTta03tuPJHFQ1OWmVuVpKEUK9xo5CS9CrYndO5KXE+VJYiEM1dhcdTz/dfXPUnMgJqposooWvPy5Uk3MLcbXGahHZ5kReis2XBuTFEz+UkXe11djKEMdRyCV1wrKQEiBQY8lRixB6NZYOVoXQr7H1Y0WIczW2RioX4m6NrYdqhSgJ27OiIuzUWLvU2rLyYrfG2sU5Ia7VWFOcEeJqjTWFvBDXa6wppIUchBprCkkhB6nGmkJOyOrGNPw5eB4OKx4Q47/kaTjMkBNy2GEhxGAhxGAhxGAhxGAhxGAhxGAhxGAhxGAhxGAhxGAhxGAhxGAhxGAhxGAhxGAhxGAhxGAhxGAhxGAhxGAhxGAhxGAhxGAhxGAhxCgiBIEZRe7HJrcQlDCP25veM3vA4Q5B+DbkpPjmMysnA/TEnLqh449cuBFD8u1fYMJX6+87+TIEZeJ/QLx0pvNJoc1nCs+QiZnvg0T6LZQYweGMMQSBS09gfKKoDE2pG5jp/RV9L1nd2SFIHPAVgurjqvpyUYm4CiVR6gt2poZvB3FCb/Gn1t75fWPMfVDFwE0PvbMLnXNfQslUUnsnZ65EOsbk7YFewgcpxtS8xlDHUxUyNNVvE9t+pQkgLwgBp7P8PqKRtRNP8byz28Q+zGb7pbYQ4jyMiTFiQnSN7amMmi9zTjwO61uNb7ZfDtRqmYMRYqgIKavGmmL9qZOpaC1A9Frqvy4CmvOl1BprSq1vV6HnixByFdKaDLWukEpqrCkk3tBl73ypQUilNdYUEs/2TkW/RzsxZrsmV15jTSGxQvayOBs01fFq5pqcE2s11hRyQlIWZy+qGPNVjGGZR/vWa6wpZIWkLM5+qmqyN1dUTF011hTyQjQFY0zX2OiITD76oBPcBOI4ISRFixFiQtVkbML4v51EjTXFKSEpY+YLqRpripNCNMMY89Pjl/R+DGssJJdciKf9cFZIyu58AXiBYo1lGIZhGIZhGIahzn0LTSWMXT2aBAAAAABJRU5ErkJggg==']'.

06-05-2024T09:51:48 - [MESSAGE][WARNING] - [SELF-HEALING] no such window: target window already closed
from unknown error: web view not found
  (Session info: chrome=123.0.6312.60)
Build info: version: '3.141.59', revision: 'e82be7d358', time: '2018-11-14T08:25:53'
System info: host: 'PQA-0769LT', ip: '10.0.0.145', os.name: 'Windows 10', os.arch: 'amd64', os.version: '10.0', java.version: '17.0.7'
Driver info: com.kms.katalon.selenium.driver.CChromeDriver
Capabilities {acceptInsecureCerts: false, browserName: chrome, browserVersion: 123.0.6312.60, chrome: {chromedriverVersion: 122.0.6261.57 (87957e464700..., userDataDir: C:\Users\UMASAN~1\AppData\L...}, fedcm:accounts: true, goog:chromeOptions: {debuggerAddress: localhost:49963}, javascriptEnabled: true, networkConnectionEnabled: false, pageLoadStrategy: normal, platform: WINDOWS, platformName: WINDOWS, proxy: Proxy(), setWindowRect: true, strictFileInteractability: false, timeouts: {implicit: 0, pageLoad: 300000, script: 30000}, unhandledPromptBehavior: dismiss and notify, webauthn:extension:credBlob: true, webauthn:extension:largeBlob: true, webauthn:extension:minPinLength: true, webauthn:extension:prf: true, webauthn:virtualAuthenticators: true}
Session ID: f2dc5bfd2dcd785d94166b84758ffab8
*** Element info: {Using=xpath, value=//*[@src = 'data:image/png;base64,iVBORw0KGgoAAAANSUhEUgAAAGQAAABkCAYAAABw4pVUAAAACXBIWXMAABYlAAAWJQFJUiTwAAAAAXNSR0IArs4c6QAAAARnQU1BAACxjwv8YQUAAAUGSURBVHgB7Z3PbxtFFMff7DopgR4qDsAJ3CIQcIE7ByLTArlF/AGpySXqiYpjBe1u+QOgp9zIhjMCSxyCWhSKxIVbJRBSA5ItJKQK8aNNmya1d+d1Js5GaRvXO/tj9k3yPlESy3ac2J/M933XkscADMMwDMMwDMMwdhHgOJsr7zUbfrKk7kjPT/xQzHzXA4dxVgh+M30sPjr5IUgMHrjAE0Ej9pZdFeOkkP7Kqbbw8TNAcWy/y9Wd6qqvYePdy8vgGE4JGaycnAZfXACE6SzX12J86bdcWi1OCNHxNHiy8bkAcRpyIARErswX8kIGV95RK0KeHRVPWdFDHz0RTZy6HAJhyArR8aQeQN2emlAC+PcW4K+39PeuBxBOLq2RnC/khKQ1NuucGAcOJMAvt0CurT9wvhAYSTkIp6JeDwhBRsjIGlvkNq+vg1SrArSUEVdR8yWUsr9MRQwJIeNqrCk6nuTP/wJsxFl/hEyM1SrEtMaOA5UAVCK0kJx0EfutOldLLUKK1thHbk9H0vXbIFVEPSaeMlPnfLEupKwam4LdO8M5kT2estLTxy9HvlizWpOtCamwxkJV3JFPwY933+r+M3gmXOicszJfKhdiq8aWSR8n4Ld7r6nPV9XpyeGZKsZQJuGZTtCDCqlMSE01tjB/9F+Ea1uvq9VxdL+Ld2pyvFyVmEqEEKixxtyIn90WcSN+LsO1sSvQryTGShVCsMaORcfTta03tuPJHFQ1OWmVuVpKEUK9xo5CS9CrYndO5KXE+VJYiEM1dhcdTz/dfXPUnMgJqposooWvPy5Uk3MLcbXGahHZ5kReis2XBuTFEz+UkXe11djKEMdRyCV1wrKQEiBQY8lRixB6NZYOVoXQr7H1Y0WIczW2RioX4m6NrYdqhSgJ27OiIuzUWLvU2rLyYrfG2sU5Ia7VWFOcEeJqjTWFvBDXa6wppIUchBprCkkhB6nGmkJOyOrGNPw5eB4OKx4Q47/kaTjMkBNy2GEhxGAhxGAhxGAhxGAhxGAhxGAhxGAhxGAhxGAhxGAhxGAhxGAhxGAhxGAhxGAhxGAhxGAhxGAhxGAhxGAhxGAhxGAhxGAhxGAhxCgiBIEZRe7HJrcQlDCP25veM3vA4Q5B+DbkpPjmMysnA/TEnLqh449cuBFD8u1fYMJX6+87+TIEZeJ/QLx0pvNJoc1nCs+QiZnvg0T6LZQYweGMMQSBS09gfKKoDE2pG5jp/RV9L1nd2SFIHPAVgurjqvpyUYm4CiVR6gt2poZvB3FCb/Gn1t75fWPMfVDFwE0PvbMLnXNfQslUUnsnZ65EOsbk7YFewgcpxtS8xlDHUxUyNNVvE9t+pQkgLwgBp7P8PqKRtRNP8byz28Q+zGb7pbYQ4jyMiTFiQnSN7amMmi9zTjwO61uNb7ZfDtRqmYMRYqgIKavGmmL9qZOpaC1A9Frqvy4CmvOl1BprSq1vV6HnixByFdKaDLWukEpqrCkk3tBl73ypQUilNdYUEs/2TkW/RzsxZrsmV15jTSGxQvayOBs01fFq5pqcE2s11hRyQlIWZy+qGPNVjGGZR/vWa6wpZIWkLM5+qmqyN1dUTF011hTyQjQFY0zX2OiITD76oBPcBOI4ISRFixFiQtVkbML4v51EjTXFKSEpY+YLqRpripNCNMMY89Pjl/R+DGssJJdciKf9cFZIyu58AXiBYo1lGIZhGIZhGIahzn0LTSWMXT2aBAAAAABJRU5ErkJggg==']}

06-05-2024T09:51:48 - [MESSAGE][WARNING] - [SELF-HEALING] no such window: target window already closed
from unknown error: web view not found
  (Session info: chrome=123.0.6312.60)
Build info: version: '3.141.59', revision: 'e82be7d358', time: '2018-11-14T08:25:53'
System info: host: 'PQA-0769LT', ip: '10.0.0.145', os.name: 'Windows 10', os.arch: 'amd64', os.version: '10.0', java.version: '17.0.7'
Driver info: com.kms.katalon.selenium.driver.CChromeDriver
Capabilities {acceptInsecureCerts: false, browserName: chrome, browserVersion: 123.0.6312.60, chrome: {chromedriverVersion: 122.0.6261.57 (87957e464700..., userDataDir: C:\Users\UMASAN~1\AppData\L...}, fedcm:accounts: true, goog:chromeOptions: {debuggerAddress: localhost:49963}, javascriptEnabled: true, networkConnectionEnabled: false, pageLoadStrategy: normal, platform: WINDOWS, platformName: WINDOWS, proxy: Proxy(), setWindowRect: true, strictFileInteractability: false, timeouts: {implicit: 0, pageLoad: 300000, script: 30000}, unhandledPromptBehavior: dismiss and notify, webauthn:extension:credBlob: true, webauthn:extension:largeBlob: true, webauthn:extension:minPinLength: true, webauthn:extension:prf: true, webauthn:virtualAuthenticators: true}
Session ID: f2dc5bfd2dcd785d94166b84758ffab8
*** Element info: {Using=css selector, value=#result_app_2 > img.o_app_icon.rounded-3}

06-05-2024T09:51:48 - [MESSAGE][WARNING] - Cannot take screenshot

06-05-2024T09:51:48 - [MESSAGE][FAILED] - Web element with id: 'Object Repository/homeMenuPage/inventorylink' located by '//a[@id='result_app_2']/img' not found (Root cause: com.kms.katalon.core.exception.StepFailedException: Web element with id: 'Object Repository/homeMenuPage/inventorylink' located by '//a[@id='result_app_2']/img' not found
	at com.kms.katalon.core.webui.keyword.internal.WebUIKeywordMain.stepFailed(WebUIKeywordMain.groovy:64)
	at com.kms.katalon.core.webui.keyword.builtin.VerifyElementVisibleKeyword$_verifyElementVisible_closure1.doCall(VerifyElementVisibleKeyword.groovy:89)
	at com.kms.katalon.core.webui.keyword.builtin.VerifyElementVisibleKeyword$_verifyElementVisible_closure1.call(VerifyElementVisibleKeyword.groovy)
	at com.kms.katalon.core.webui.keyword.internal.WebUIKeywordMain.runKeyword(WebUIKeywordMain.groovy:20)
	at com.kms.katalon.core.webui.keyword.builtin.VerifyElementVisibleKeyword.verifyElementVisible(VerifyElementVisibleKeyword.groovy:97)
	at com.kms.katalon.core.webui.keyword.builtin.VerifyElementVisibleKeyword.execute(VerifyElementVisibleKeyword.groovy:67)
	at com.kms.katalon.core.keyword.internal.KeywordExecutor.executeKeywordForPlatform(KeywordExecutor.groovy:74)
	at com.kms.katalon.core.webui.keyword.WebUiBuiltInKeywords.verifyElementVisible(WebUiBuiltInKeywords.groovy:415)
	at Create Receipts_HM.run(Create Receipts_HM:22)
	at com.kms.katalon.core.main.ScriptEngine.run(ScriptEngine.java:194)
	at com.kms.katalon.core.main.ScriptEngine.runScriptAsRawText(ScriptEngine.java:119)
	at com.kms.katalon.core.main.TestCaseExecutor.runScript(TestCaseExecutor.java:448)
	at com.kms.katalon.core.main.TestCaseExecutor.doExecute(TestCaseExecutor.java:439)
	at com.kms.katalon.core.main.TestCaseExecutor.processExecutionPhase(TestCaseExecutor.java:418)
	at com.kms.katalon.core.main.TestCaseExecutor.accessMainPhase(TestCaseExecutor.java:410)
	at com.kms.katalon.core.main.TestCaseExecutor.execute(TestCaseExecutor.java:285)
	at com.kms.katalon.core.common.CommonExecutor.accessTestCaseMainPhase(CommonExecutor.java:65)
	at com.kms.katalon.core.main.TestSuiteExecutor.accessTestSuiteMainPhase(TestSuiteExecutor.java:148)
	at com.kms.katalon.core.main.TestSuiteExecutor.execute(TestSuiteExecutor.java:106)
	at com.kms.katalon.core.main.TestCaseMain.startTestSuite(TestCaseMain.java:180)
	at TempTestSuite1715003411880.run(TempTestSuite1715003411880.groovy:35)
	at java.base/jdk.internal.reflect.NativeMethodAccessorImpl.invoke0(Native Method)
	at java.base/jdk.internal.reflect.NativeMethodAccessorImpl.invoke(NativeMethodAccessorImpl.java:77)
	at java.base/jdk.internal.reflect.DelegatingMethodAccessorImpl.invoke(DelegatingMethodAccessorImpl.java:43)
)

06-05-2024T09:51:48 - [MESSAGE][WARNING] - Cannot take screenshot

06-05-2024T09:51:48 - [MESSAGE][FAILED] - Unable to verify object 'Object Repository/homeMenuPage/inventorylink' is visible (Root cause: com.kms.katalon.core.exception.StepFailedException: Unable to verify object 'Object Repository/homeMenuPage/inventorylink' is visible
	at com.kms.katalon.core.webui.keyword.internal.WebUIKeywordMain.stepFailed(WebUIKeywordMain.groovy:64)
	at com.kms.katalon.core.webui.keyword.internal.WebUIKeywordMain.runKeyword(WebUIKeywordMain.groovy:26)
	at com.kms.katalon.core.webui.keyword.builtin.VerifyElementVisibleKeyword.verifyElementVisible(VerifyElementVisibleKeyword.groovy:97)
	at com.kms.katalon.core.webui.keyword.builtin.VerifyElementVisibleKeyword.execute(VerifyElementVisibleKeyword.groovy:67)
	at com.kms.katalon.core.keyword.internal.KeywordExecutor.executeKeywordForPlatform(KeywordExecutor.groovy:74)
	at com.kms.katalon.core.webui.keyword.WebUiBuiltInKeywords.verifyElementVisible(WebUiBuiltInKeywords.groovy:415)
	at Create Receipts_HM.run(Create Receipts_HM:22)
	at com.kms.katalon.core.main.ScriptEngine.run(ScriptEngine.java:194)
	at com.kms.katalon.core.main.ScriptEngine.runScriptAsRawText(ScriptEngine.java:119)
	at com.kms.katalon.core.main.TestCaseExecutor.runScript(TestCaseExecutor.java:448)
	at com.kms.katalon.core.main.TestCaseExecutor.doExecute(TestCaseExecutor.java:439)
	at com.kms.katalon.core.main.TestCaseExecutor.processExecutionPhase(TestCaseExecutor.java:418)
	at com.kms.katalon.core.main.TestCaseExecutor.accessMainPhase(TestCaseExecutor.java:410)
	at com.kms.katalon.core.main.TestCaseExecutor.execute(TestCaseExecutor.java:285)
	at com.kms.katalon.core.common.CommonExecutor.accessTestCaseMainPhase(CommonExecutor.java:65)
	at com.kms.katalon.core.main.TestSuiteExecutor.accessTestSuiteMainPhase(TestSuiteExecutor.java:148)
	at com.kms.katalon.core.main.TestSuiteExecutor.execute(TestSuiteExecutor.java:106)
	at com.kms.katalon.core.main.TestCaseMain.startTestSuite(TestCaseMain.java:180)
	at TempTestSuite1715003411880.run(TempTestSuite1715003411880.groovy:35)
	at java.base/jdk.internal.reflect.NativeMethodAccessorImpl.invoke0(Native Method)
	at java.base/jdk.internal.reflect.NativeMethodAccessorImpl.invoke(NativeMethodAccessorImpl.java:77)
	at java.base/jdk.internal.reflect.DelegatingMethodAccessorImpl.invoke(DelegatingMethodAccessorImpl.java:43)
Caused by: com.kms.katalon.core.exception.StepFailedException: Web element with id: 'Object Repository/homeMenuPage/inventorylink' located by '//a[@id='result_app_2']/img' not found
	at com.kms.katalon.core.webui.keyword.internal.WebUIKeywordMain.stepFailed(WebUIKeywordMain.groovy:64)
	at com.kms.katalon.core.webui.keyword.builtin.VerifyElementVisibleKeyword$_verifyElementVisible_closure1.doCall(VerifyElementVisibleKeyword.groovy:89)
	at com.kms.katalon.core.webui.keyword.builtin.VerifyElementVisibleKeyword$_verifyElementVisible_closure1.call(VerifyElementVisibleKeyword.groovy)
	at com.kms.katalon.core.webui.keyword.internal.WebUIKeywordMain.runKeyword(WebUIKeywordMain.groovy:20)
	... 20 more
)]]></system-out>
         <system-err><![CDATA[06-05-2024T09:51:09 - [TEST_CASE][FAILED] - Test Cases/Create Receipts_HM: Test Cases/Create Receipts_HM FAILED.
Reason:
com.kms.katalon.core.exception.StepFailedException: Unable to verify object 'Object Repository/homeMenuPage/inventorylink' is visible
	at com.kms.katalon.core.webui.keyword.internal.WebUIKeywordMain.stepFailed(WebUIKeywordMain.groovy:64)
	at com.kms.katalon.core.webui.keyword.internal.WebUIKeywordMain.runKeyword(WebUIKeywordMain.groovy:26)
	at com.kms.katalon.core.webui.keyword.builtin.VerifyElementVisibleKeyword.verifyElementVisible(VerifyElementVisibleKeyword.groovy:97)
	at com.kms.katalon.core.webui.keyword.builtin.VerifyElementVisibleKeyword.execute(VerifyElementVisibleKeyword.groovy:67)
	at com.kms.katalon.core.keyword.internal.KeywordExecutor.executeKeywordForPlatform(KeywordExecutor.groovy:74)
	at com.kms.katalon.core.webui.keyword.WebUiBuiltInKeywords.verifyElementVisible(WebUiBuiltInKeywords.groovy:415)
	at Create Receipts_HM.run(Create Receipts_HM:22)
	at com.kms.katalon.core.main.ScriptEngine.run(ScriptEngine.java:194)
	at com.kms.katalon.core.main.ScriptEngine.runScriptAsRawText(ScriptEngine.java:119)
	at com.kms.katalon.core.main.TestCaseExecutor.runScript(TestCaseExecutor.java:448)
	at com.kms.katalon.core.main.TestCaseExecutor.doExecute(TestCaseExecutor.java:439)
	at com.kms.katalon.core.main.TestCaseExecutor.processExecutionPhase(TestCaseExecutor.java:418)
	at com.kms.katalon.core.main.TestCaseExecutor.accessMainPhase(TestCaseExecutor.java:410)
	at com.kms.katalon.core.main.TestCaseExecutor.execute(TestCaseExecutor.java:285)
	at com.kms.katalon.core.common.CommonExecutor.accessTestCaseMainPhase(CommonExecutor.java:65)
	at com.kms.katalon.core.main.TestSuiteExecutor.accessTestSuiteMainPhase(TestSuiteExecutor.java:148)
	at com.kms.katalon.core.main.TestSuiteExecutor.execute(TestSuiteExecutor.java:106)
	at com.kms.katalon.core.main.TestCaseMain.startTestSuite(TestCaseMain.java:180)
	at TempTestSuite1715003411880.run(TempTestSuite1715003411880.groovy:35)
	at java.base/jdk.internal.reflect.NativeMethodAccessorImpl.invoke0(Native Method)
	at java.base/jdk.internal.reflect.NativeMethodAccessorImpl.invoke(NativeMethodAccessorImpl.java:77)
	at java.base/jdk.internal.reflect.DelegatingMethodAccessorImpl.invoke(DelegatingMethodAccessorImpl.java:43)
Caused by: com.kms.katalon.core.exception.StepFailedException: Web element with id: 'Object Repository/homeMenuPage/inventorylink' located by '//a[@id='result_app_2']/img' not found
	at com.kms.katalon.core.webui.keyword.internal.WebUIKeywordMain.stepFailed(WebUIKeywordMain.groovy:64)
	at com.kms.katalon.core.webui.keyword.builtin.VerifyElementVisibleKeyword$_verifyElementVisible_closure1.doCall(VerifyElementVisibleKeyword.groovy:89)
	at com.kms.katalon.core.webui.keyword.builtin.VerifyElementVisibleKeyword$_verifyElementVisible_closure1.call(VerifyElementVisibleKeyword.groovy)
	at com.kms.katalon.core.webui.keyword.internal.WebUIKeywordMain.runKeyword(WebUIKeywordMain.groovy:20)
	... 20 more]]></system-err>
      </testcase>
      <testcase name="Test Cases/Login to Odoo Inventory ERP System" time="5.311" classname="Test Cases/Login to Odoo Inventory ERP System" status="PASSED">
         <system-out><![CDATA[06-05-2024T09:51:48 - [TEST_CASE][PASSED] - Test Cases/Login to Odoo Inventory ERP System: Test Cases/Login to Odoo Inventory ERP System

06-05-2024T09:51:48 - [TEST_STEP][PASSED] - openBrowser(""): Browser is opened with url: ''

06-05-2024T09:51:48 - [MESSAGE][WARNING] - A browser is already opened. Closing browser and opening a new one

06-05-2024T09:51:48 - [MESSAGE][INFO] - Starting 'Chrome' driver

06-05-2024T09:51:48 - [MESSAGE][INFO] - Action delay is set to 0 milliseconds

06-05-2024T09:51:49 - [MESSAGE][PASSED] - Browser is opened with url: ''

06-05-2024T09:51:49 - [TEST_STEP][PASSED] - navigateToUrl("https://freelance25.odoo.com/web/login?redirect=%2Fodoo%3F"): Navigate to 'https://freelance25.odoo.com/web/login?redirect=%2Fodoo%3F' successfully

06-05-2024T09:51:50 - [MESSAGE][PASSED] - Navigate to 'https://freelance25.odoo.com/web/login?redirect=%2Fodoo%3F' successfully

06-05-2024T09:51:50 - [TEST_STEP][PASSED] - setText(findTestObject("Object Repository/Odoo_loginPage/txt_Email"), Email): Text 'boybawang1900@gmail.com' is set on object 'Object Repository/Odoo_loginPage/txt_Email'

06-05-2024T09:51:51 - [MESSAGE][PASSED] - Text 'boybawang1900@gmail.com' is set on object 'Object Repository/Odoo_loginPage/txt_Email'

06-05-2024T09:51:51 - [TEST_STEP][PASSED] - setText(findTestObject("Object Repository/Odoo_loginPage/txt_Password"), Password): Text 'OdooLogin@1234' is set on object 'Object Repository/Odoo_loginPage/txt_Password'

06-05-2024T09:51:51 - [MESSAGE][PASSED] - Text 'OdooLogin@1234' is set on object 'Object Repository/Odoo_loginPage/txt_Password'

06-05-2024T09:51:51 - [TEST_STEP][PASSED] - click(findTestObject("Object Repository/Odoo_loginPage/btn_Login")): Object: 'Object Repository/Odoo_loginPage/btn_Login' is clicked on

06-05-2024T09:51:53 - [MESSAGE][PASSED] - Object: 'Object Repository/Odoo_loginPage/btn_Login' is clicked on]]></system-out>
         <system-err><![CDATA[]]></system-err>
      </testcase>
      <testcase name="Test Cases/Modify a Warehouse" time="0.037" classname="Test Cases/Modify a Warehouse" status="PASSED">
         <system-out><![CDATA[06-05-2024T09:51:53 - [TEST_CASE][PASSED] - Test Cases/Modify a Warehouse: Test Cases/Modify a Warehouse

06-05-2024T09:51:53 - [TEST_STEP][PASSED] - return null: null]]></system-out>
         <system-err><![CDATA[]]></system-err>
      </testcase>
      <testcase name="Test Cases/Move Stocks from Source Location to Other Location" time="0.007" classname="Test Cases/Move Stocks from Source Location to Other Location" status="PASSED">
         <system-out><![CDATA[06-05-2024T09:51:53 - [TEST_CASE][PASSED] - Test Cases/Move Stocks from Source Location to Other Location: Test Cases/Move Stocks from Source Location to Other Location

06-05-2024T09:51:53 - [TEST_STEP][PASSED] - return null: null]]></system-out>
         <system-err><![CDATA[]]></system-err>
      </testcase>
      <testcase name="Test Cases/Move stocks from warehouse to scrap" time="41.516" classname="Test Cases/Move stocks from warehouse to scrap" status="FAILED">
         <failure type="FAILED" message="Test Cases/Move stocks from warehouse to scrap FAILED.&#xa;Reason:&#xa;com.kms.katalon.core.exception.StepFailedException: Unable to click on object 'Object Repository/homeMenuPage/inventorylink'&#xa;	at com.kms.katalon.core.webui.keyword.internal.WebUIKeywordMain.stepFailed(WebUIKeywordMain.groovy:64)&#xa;	at com.kms.katalon.core.webui.keyword.internal.WebUIKeywordMain.runKeyword(WebUIKeywordMain.groovy:26)&#xa;	at com.kms.katalon.core.webui.keyword.builtin.ClickKeyword.click(ClickKeyword.groovy:74)&#xa;	at com.kms.katalon.core.webui.keyword.builtin.ClickKeyword.execute(ClickKeyword.groovy:40)&#xa;	at com.kms.katalon.core.keyword.internal.KeywordExecutor.executeKeywordForPlatform(KeywordExecutor.groovy:74)&#xa;	at com.kms.katalon.core.webui.keyword.WebUiBuiltInKeywords.click(WebUiBuiltInKeywords.groovy:659)&#xa;	at Move stocks from warehouse to scrap.run(Move stocks from warehouse to scrap:22)&#xa;	at com.kms.katalon.core.main.ScriptEngine.run(ScriptEngine.java:194)&#xa;	at com.kms.katalon.core.main.ScriptEngine.runScriptAsRawText(ScriptEngine.java:119)&#xa;	at com.kms.katalon.core.main.TestCaseExecutor.runScript(TestCaseExecutor.java:448)&#xa;	at com.kms.katalon.core.main.TestCaseExecutor.doExecute(TestCaseExecutor.java:439)&#xa;	at com.kms.katalon.core.main.TestCaseExecutor.processExecutionPhase(TestCaseExecutor.java:418)&#xa;	at com.kms.katalon.core.main.TestCaseExecutor.accessMainPhase(TestCaseExecutor.java:410)&#xa;	at com.kms.katalon.core.main.TestCaseExecutor.execute(TestCaseExecutor.java:285)&#xa;	at com.kms.katalon.core.common.CommonExecutor.accessTestCaseMainPhase(CommonExecutor.java:65)&#xa;	at com.kms.katalon.core.main.TestSuiteExecutor.accessTestSuiteMainPhase(TestSuiteExecutor.java:148)&#xa;	at com.kms.katalon.core.main.TestSuiteExecutor.execute(TestSuiteExecutor.java:106)&#xa;	at com.kms.katalon.core.main.TestCaseMain.startTestSuite(TestCaseMain.java:180)&#xa;	at TempTestSuite1715003411880.run(TempTestSuite1715003411880.groovy:35)&#xa;	at java.base/jdk.internal.reflect.NativeMethodAccessorImpl.invoke0(Native Method)&#xa;	at java.base/jdk.internal.reflect.NativeMethodAccessorImpl.invoke(NativeMethodAccessorImpl.java:77)&#xa;	at java.base/jdk.internal.reflect.DelegatingMethodAccessorImpl.invoke(DelegatingMethodAccessorImpl.java:43)&#xa;Caused by: com.kms.katalon.core.webui.exception.WebElementNotFoundException: Web element with id: 'Object Repository/homeMenuPage/inventorylink' located by '//a[@id='result_app_2']/img' not found&#xa;	at com.kms.katalon.core.webui.common.WebUiCommonHelper.findWebElement(WebUiCommonHelper.java:1426)&#xa;	at com.kms.katalon.core.webui.keyword.internal.WebUIAbstractKeyword.findWebElement(WebUIAbstractKeyword.groovy:27)&#xa;	at com.kms.katalon.core.webui.keyword.builtin.ClickKeyword$_click_closure1.doCall(ClickKeyword.groovy:65)&#xa;	at com.kms.katalon.core.webui.keyword.builtin.ClickKeyword$_click_closure1.call(ClickKeyword.groovy)&#xa;	at com.kms.katalon.core.webui.keyword.internal.WebUIKeywordMain.runKeyword(WebUIKeywordMain.groovy:20)&#xa;	... 20 more&#xa;"/>
         <system-out><![CDATA[06-05-2024T09:51:53 - [TEST_CASE][FAILED] - Test Cases/Move stocks from warehouse to scrap: Test Cases/Move stocks from warehouse to scrap FAILED.
Reason:
com.kms.katalon.core.exception.StepFailedException: Unable to click on object 'Object Repository/homeMenuPage/inventorylink'
	at com.kms.katalon.core.webui.keyword.internal.WebUIKeywordMain.stepFailed(WebUIKeywordMain.groovy:64)
	at com.kms.katalon.core.webui.keyword.internal.WebUIKeywordMain.runKeyword(WebUIKeywordMain.groovy:26)
	at com.kms.katalon.core.webui.keyword.builtin.ClickKeyword.click(ClickKeyword.groovy:74)
	at com.kms.katalon.core.webui.keyword.builtin.ClickKeyword.execute(ClickKeyword.groovy:40)
	at com.kms.katalon.core.keyword.internal.KeywordExecutor.executeKeywordForPlatform(KeywordExecutor.groovy:74)
	at com.kms.katalon.core.webui.keyword.WebUiBuiltInKeywords.click(WebUiBuiltInKeywords.groovy:659)
	at Move stocks from warehouse to scrap.run(Move stocks from warehouse to scrap:22)
	at com.kms.katalon.core.main.ScriptEngine.run(ScriptEngine.java:194)
	at com.kms.katalon.core.main.ScriptEngine.runScriptAsRawText(ScriptEngine.java:119)
	at com.kms.katalon.core.main.TestCaseExecutor.runScript(TestCaseExecutor.java:448)
	at com.kms.katalon.core.main.TestCaseExecutor.doExecute(TestCaseExecutor.java:439)
	at com.kms.katalon.core.main.TestCaseExecutor.processExecutionPhase(TestCaseExecutor.java:418)
	at com.kms.katalon.core.main.TestCaseExecutor.accessMainPhase(TestCaseExecutor.java:410)
	at com.kms.katalon.core.main.TestCaseExecutor.execute(TestCaseExecutor.java:285)
	at com.kms.katalon.core.common.CommonExecutor.accessTestCaseMainPhase(CommonExecutor.java:65)
	at com.kms.katalon.core.main.TestSuiteExecutor.accessTestSuiteMainPhase(TestSuiteExecutor.java:148)
	at com.kms.katalon.core.main.TestSuiteExecutor.execute(TestSuiteExecutor.java:106)
	at com.kms.katalon.core.main.TestCaseMain.startTestSuite(TestCaseMain.java:180)
	at TempTestSuite1715003411880.run(TempTestSuite1715003411880.groovy:35)
	at java.base/jdk.internal.reflect.NativeMethodAccessorImpl.invoke0(Native Method)
	at java.base/jdk.internal.reflect.NativeMethodAccessorImpl.invoke(NativeMethodAccessorImpl.java:77)
	at java.base/jdk.internal.reflect.DelegatingMethodAccessorImpl.invoke(DelegatingMethodAccessorImpl.java:43)
Caused by: com.kms.katalon.core.webui.exception.WebElementNotFoundException: Web element with id: 'Object Repository/homeMenuPage/inventorylink' located by '//a[@id='result_app_2']/img' not found
	at com.kms.katalon.core.webui.common.WebUiCommonHelper.findWebElement(WebUiCommonHelper.java:1426)
	at com.kms.katalon.core.webui.keyword.internal.WebUIAbstractKeyword.findWebElement(WebUIAbstractKeyword.groovy:27)
	at com.kms.katalon.core.webui.keyword.builtin.ClickKeyword$_click_closure1.doCall(ClickKeyword.groovy:65)
	at com.kms.katalon.core.webui.keyword.builtin.ClickKeyword$_click_closure1.call(ClickKeyword.groovy)
	at com.kms.katalon.core.webui.keyword.internal.WebUIKeywordMain.runKeyword(WebUIKeywordMain.groovy:20)
	... 20 more


06-05-2024T09:51:54 - [TEST_STEP][PASSED] - callTestCase(findTestCase("Login to Odoo Inventory ERP System"), ["Email":Email, "Password":password], STOP_ON_FAILURE): Call Test Case 'Test Cases/Login to Odoo Inventory ERP System' successfully

06-05-2024T09:51:54 - [TEST_CASE][PASSED] - Test Cases/Login to Odoo Inventory ERP System: Test Cases/Login to Odoo Inventory ERP System

06-05-2024T09:51:54 - [TEST_STEP][PASSED] - openBrowser(""): Browser is opened with url: ''

06-05-2024T09:51:54 - [MESSAGE][WARNING] - A browser is already opened. Closing browser and opening a new one

06-05-2024T09:51:54 - [MESSAGE][INFO] - Starting 'Chrome' driver

06-05-2024T09:51:54 - [MESSAGE][INFO] - Action delay is set to 0 milliseconds

06-05-2024T09:51:55 - [MESSAGE][PASSED] - Browser is opened with url: ''

06-05-2024T09:51:55 - [TEST_STEP][PASSED] - navigateToUrl("https://freelance25.odoo.com/web/login?redirect=%2Fodoo%3F"): Navigate to 'https://freelance25.odoo.com/web/login?redirect=%2Fodoo%3F' successfully

06-05-2024T09:51:57 - [MESSAGE][PASSED] - Navigate to 'https://freelance25.odoo.com/web/login?redirect=%2Fodoo%3F' successfully

06-05-2024T09:51:57 - [TEST_STEP][PASSED] - setText(findTestObject("Object Repository/Odoo_loginPage/txt_Email"), Email): Text '' is set on object 'Object Repository/Odoo_loginPage/txt_Email'

06-05-2024T09:51:58 - [MESSAGE][PASSED] - Text '' is set on object 'Object Repository/Odoo_loginPage/txt_Email'

06-05-2024T09:51:58 - [TEST_STEP][PASSED] - setText(findTestObject("Object Repository/Odoo_loginPage/txt_Password"), Password): Text '' is set on object 'Object Repository/Odoo_loginPage/txt_Password'

06-05-2024T09:51:58 - [MESSAGE][PASSED] - Text '' is set on object 'Object Repository/Odoo_loginPage/txt_Password'

06-05-2024T09:51:58 - [TEST_STEP][PASSED] - click(findTestObject("Object Repository/Odoo_loginPage/btn_Login")): Object: 'Object Repository/Odoo_loginPage/btn_Login' is clicked on

06-05-2024T09:51:58 - [MESSAGE][PASSED] - Object: 'Object Repository/Odoo_loginPage/btn_Login' is clicked on

06-05-2024T09:51:58 - [MESSAGE][PASSED] - Call Test Case 'Test Cases/Login to Odoo Inventory ERP System' successfully

06-05-2024T09:51:58 - [TEST_STEP][FAILED] - click(findTestObject("homeMenuPage/inventorylink")): Unable to click on object 'Object Repository/homeMenuPage/inventorylink' (Root cause: com.kms.katalon.core.exception.StepFailedException: Unable to click on object 'Object Repository/homeMenuPage/inventorylink'
	at com.kms.katalon.core.webui.keyword.internal.WebUIKeywordMain.stepFailed(WebUIKeywordMain.groovy:64)
	at com.kms.katalon.core.webui.keyword.internal.WebUIKeywordMain.runKeyword(WebUIKeywordMain.groovy:26)
	at com.kms.katalon.core.webui.keyword.builtin.ClickKeyword.click(ClickKeyword.groovy:74)
	at com.kms.katalon.core.webui.keyword.builtin.ClickKeyword.execute(ClickKeyword.groovy:40)
	at com.kms.katalon.core.keyword.internal.KeywordExecutor.executeKeywordForPlatform(KeywordExecutor.groovy:74)
	at com.kms.katalon.core.webui.keyword.WebUiBuiltInKeywords.click(WebUiBuiltInKeywords.groovy:659)
	at Move stocks from warehouse to scrap.run(Move stocks from warehouse to scrap:22)
	at com.kms.katalon.core.main.ScriptEngine.run(ScriptEngine.java:194)
	at com.kms.katalon.core.main.ScriptEngine.runScriptAsRawText(ScriptEngine.java:119)
	at com.kms.katalon.core.main.TestCaseExecutor.runScript(TestCaseExecutor.java:448)
	at com.kms.katalon.core.main.TestCaseExecutor.doExecute(TestCaseExecutor.java:439)
	at com.kms.katalon.core.main.TestCaseExecutor.processExecutionPhase(TestCaseExecutor.java:418)
	at com.kms.katalon.core.main.TestCaseExecutor.accessMainPhase(TestCaseExecutor.java:410)
	at com.kms.katalon.core.main.TestCaseExecutor.execute(TestCaseExecutor.java:285)
	at com.kms.katalon.core.common.CommonExecutor.accessTestCaseMainPhase(CommonExecutor.java:65)
	at com.kms.katalon.core.main.TestSuiteExecutor.accessTestSuiteMainPhase(TestSuiteExecutor.java:148)
	at com.kms.katalon.core.main.TestSuiteExecutor.execute(TestSuiteExecutor.java:106)
	at com.kms.katalon.core.main.TestCaseMain.startTestSuite(TestCaseMain.java:180)
	at TempTestSuite1715003411880.run(TempTestSuite1715003411880.groovy:35)
	at java.base/jdk.internal.reflect.NativeMethodAccessorImpl.invoke0(Native Method)
	at java.base/jdk.internal.reflect.NativeMethodAccessorImpl.invoke(NativeMethodAccessorImpl.java:77)
	at java.base/jdk.internal.reflect.DelegatingMethodAccessorImpl.invoke(DelegatingMethodAccessorImpl.java:43)
Caused by: com.kms.katalon.core.webui.exception.WebElementNotFoundException: Web element with id: 'Object Repository/homeMenuPage/inventorylink' located by '//a[@id='result_app_2']/img' not found
	at com.kms.katalon.core.webui.common.WebUiCommonHelper.findWebElement(WebUiCommonHelper.java:1426)
	at com.kms.katalon.core.webui.keyword.internal.WebUIAbstractKeyword.findWebElement(WebUIAbstractKeyword.groovy:27)
	at com.kms.katalon.core.webui.keyword.builtin.ClickKeyword$_click_closure1.doCall(ClickKeyword.groovy:65)
	at com.kms.katalon.core.webui.keyword.builtin.ClickKeyword$_click_closure1.call(ClickKeyword.groovy)
	at com.kms.katalon.core.webui.keyword.internal.WebUIKeywordMain.runKeyword(WebUIKeywordMain.groovy:20)
	at com.kms.katalon.core.webui.keyword.builtin.ClickKeyword.click(ClickKeyword.groovy:74)
	at com.kms.katalon.core.webui.keyword.builtin.ClickKeyword.execute(ClickKeyword.groovy:40)
	at com.kms.katalon.core.keyword.internal.KeywordExecutor.executeKeywordForPlatform(KeywordExecutor.groovy:74)
	at com.kms.katalon.core.webui.keyword.WebUiBuiltInKeywords.click(WebUiBuiltInKeywords.groovy:659)
	at Script1712863925861.run(Script1712863925861.groovy:22)
	... 15 more
)

06-05-2024T09:52:29 - [MESSAGE][INFO] - Unable to find the element located by 'By.xpath: //a[@id='result_app_2']/img'. Please recheck the objects properties to make sure the desired element is located. 

06-05-2024T09:52:29 - [MESSAGE][WARNING] - [SELF-HEALING] Failed to find element with id 'Object Repository/homeMenuPage/inventorylink'. Try using Self-healing.

06-05-2024T09:52:30 - [MESSAGE][INFO] - [SELF-HEALING] Failed Locator: '//a[@id='result_app_2']/img'.

06-05-2024T09:52:30 - [MESSAGE][INFO] - [SELF-HEALING] Failed Locator: '(//img[contains(@src,'data:image/png;base64,iVBORw0KGgoAAAANSUhEUgAAAGQAAABkCAYAAABw4pVUAAAACXBIWXMAABYlAAAWJQFJUiTwAAAAAXNSR0IArs4c6QAAAARnQU1BAACxjwv8YQUAAAUGSURBVHgB7Z3PbxtFFMff7DopgR4qDsAJ3CIQcIE7ByLTArlF/AGpySXqiYpjBe1u+QOgp9zIhjMCSxyCWhSKxIVbJRBSA5ItJKQK8aNNmya1d+d1Js5GaRvXO/tj9k3yPlESy3ac2J/M933XkscADMMwDMMwDMMwdhHgOJsr7zUbfrKk7kjPT/xQzHzXA4dxVgh+M30sPjr5IUgMHrjAE0Ej9pZdFeOkkP7Kqbbw8TNAcWy/y9Wd6qqvYePdy8vgGE4JGaycnAZfXACE6SzX12J86bdcWi1OCNHxNHiy8bkAcRpyIARErswX8kIGV95RK0KeHRVPWdFDHz0RTZy6HAJhyArR8aQeQN2emlAC+PcW4K+39PeuBxBOLq2RnC/khKQ1NuucGAcOJMAvt0CurT9wvhAYSTkIp6JeDwhBRsjIGlvkNq+vg1SrArSUEVdR8yWUsr9MRQwJIeNqrCk6nuTP/wJsxFl/hEyM1SrEtMaOA5UAVCK0kJx0EfutOldLLUKK1thHbk9H0vXbIFVEPSaeMlPnfLEupKwam4LdO8M5kT2estLTxy9HvlizWpOtCamwxkJV3JFPwY933+r+M3gmXOicszJfKhdiq8aWSR8n4Ld7r6nPV9XpyeGZKsZQJuGZTtCDCqlMSE01tjB/9F+Ea1uvq9VxdL+Ld2pyvFyVmEqEEKixxtyIn90WcSN+LsO1sSvQryTGShVCsMaORcfTta03tuPJHFQ1OWmVuVpKEUK9xo5CS9CrYndO5KXE+VJYiEM1dhcdTz/dfXPUnMgJqposooWvPy5Uk3MLcbXGahHZ5kReis2XBuTFEz+UkXe11djKEMdRyCV1wrKQEiBQY8lRixB6NZYOVoXQr7H1Y0WIczW2RioX4m6NrYdqhSgJ27OiIuzUWLvU2rLyYrfG2sU5Ia7VWFOcEeJqjTWFvBDXa6wppIUchBprCkkhB6nGmkJOyOrGNPw5eB4OKx4Q47/kaTjMkBNy2GEhxGAhxGAhxGAhxGAhxGAhxGAhxGAhxGAhxGAhxGAhxGAhxGAhxGAhxGAhxGAhxGAhxGAhxGAhxGAhxGAhxGAhxGAhxGAhxGAhxCgiBIEZRe7HJrcQlDCP25veM3vA4Q5B+DbkpPjmMysnA/TEnLqh449cuBFD8u1fYMJX6+87+TIEZeJ/QLx0pvNJoc1nCs+QiZnvg0T6LZQYweGMMQSBS09gfKKoDE2pG5jp/RV9L1nd2SFIHPAVgurjqvpyUYm4CiVR6gt2poZvB3FCb/Gn1t75fWPMfVDFwE0PvbMLnXNfQslUUnsnZ65EOsbk7YFewgcpxtS8xlDHUxUyNNVvE9t+pQkgLwgBp7P8PqKRtRNP8byz28Q+zGb7pbYQ4jyMiTFiQnSN7amMmi9zTjwO61uNb7ZfDtRqmYMRYqgIKavGmmL9qZOpaC1A9Frqvy4CmvOl1BprSq1vV6HnixByFdKaDLWukEpqrCkk3tBl73ypQUilNdYUEs/2TkW/RzsxZrsmV15jTSGxQvayOBs01fFq5pqcE2s11hRyQlIWZy+qGPNVjGGZR/vWa6wpZIWkLM5+qmqyN1dUTF011hTyQjQFY0zX2OiITD76oBPcBOI4ISRFixFiQtVkbML4v51EjTXFKSEpY+YLqRpripNCNMMY89Pjl/R+DGssJJdciKf9cFZIyu58AXiBYo1lGIZhGIZhGIahzn0LTSWMXT2aBAAAAABJRU5ErkJggg==')])[2]'.

06-05-2024T09:52:30 - [MESSAGE][INFO] - [SELF-HEALING] Failed Locator: '//div[3]/a/img'.

06-05-2024T09:52:30 - [MESSAGE][INFO] - [SELF-HEALING] Failed Locator: '//img[@src = 'data:image/png;base64,iVBORw0KGgoAAAANSUhEUgAAAGQAAABkCAYAAABw4pVUAAAACXBIWXMAABYlAAAWJQFJUiTwAAAAAXNSR0IArs4c6QAAAARnQU1BAACxjwv8YQUAAAUGSURBVHgB7Z3PbxtFFMff7DopgR4qDsAJ3CIQcIE7ByLTArlF/AGpySXqiYpjBe1u+QOgp9zIhjMCSxyCWhSKxIVbJRBSA5ItJKQK8aNNmya1d+d1Js5GaRvXO/tj9k3yPlESy3ac2J/M933XkscADMMwDMMwDMMwdhHgOJsr7zUbfrKk7kjPT/xQzHzXA4dxVgh+M30sPjr5IUgMHrjAE0Ej9pZdFeOkkP7Kqbbw8TNAcWy/y9Wd6qqvYePdy8vgGE4JGaycnAZfXACE6SzX12J86bdcWi1OCNHxNHiy8bkAcRpyIARErswX8kIGV95RK0KeHRVPWdFDHz0RTZy6HAJhyArR8aQeQN2emlAC+PcW4K+39PeuBxBOLq2RnC/khKQ1NuucGAcOJMAvt0CurT9wvhAYSTkIp6JeDwhBRsjIGlvkNq+vg1SrArSUEVdR8yWUsr9MRQwJIeNqrCk6nuTP/wJsxFl/hEyM1SrEtMaOA5UAVCK0kJx0EfutOldLLUKK1thHbk9H0vXbIFVEPSaeMlPnfLEupKwam4LdO8M5kT2estLTxy9HvlizWpOtCamwxkJV3JFPwY933+r+M3gmXOicszJfKhdiq8aWSR8n4Ld7r6nPV9XpyeGZKsZQJuGZTtCDCqlMSE01tjB/9F+Ea1uvq9VxdL+Ld2pyvFyVmEqEEKixxtyIn90WcSN+LsO1sSvQryTGShVCsMaORcfTta03tuPJHFQ1OWmVuVpKEUK9xo5CS9CrYndO5KXE+VJYiEM1dhcdTz/dfXPUnMgJqposooWvPy5Uk3MLcbXGahHZ5kReis2XBuTFEz+UkXe11djKEMdRyCV1wrKQEiBQY8lRixB6NZYOVoXQr7H1Y0WIczW2RioX4m6NrYdqhSgJ27OiIuzUWLvU2rLyYrfG2sU5Ia7VWFOcEeJqjTWFvBDXa6wppIUchBprCkkhB6nGmkJOyOrGNPw5eB4OKx4Q47/kaTjMkBNy2GEhxGAhxGAhxGAhxGAhxGAhxGAhxGAhxGAhxGAhxGAhxGAhxGAhxGAhxGAhxGAhxGAhxGAhxGAhxGAhxGAhxGAhxGAhxGAhxGAhxCgiBIEZRe7HJrcQlDCP25veM3vA4Q5B+DbkpPjmMysnA/TEnLqh449cuBFD8u1fYMJX6+87+TIEZeJ/QLx0pvNJoc1nCs+QiZnvg0T6LZQYweGMMQSBS09gfKKoDE2pG5jp/RV9L1nd2SFIHPAVgurjqvpyUYm4CiVR6gt2poZvB3FCb/Gn1t75fWPMfVDFwE0PvbMLnXNfQslUUnsnZ65EOsbk7YFewgcpxtS8xlDHUxUyNNVvE9t+pQkgLwgBp7P8PqKRtRNP8byz28Q+zGb7pbYQ4jyMiTFiQnSN7amMmi9zTjwO61uNb7ZfDtRqmYMRYqgIKavGmmL9qZOpaC1A9Frqvy4CmvOl1BprSq1vV6HnixByFdKaDLWukEpqrCkk3tBl73ypQUilNdYUEs/2TkW/RzsxZrsmV15jTSGxQvayOBs01fFq5pqcE2s11hRyQlIWZy+qGPNVjGGZR/vWa6wpZIWkLM5+qmqyN1dUTF011hTyQjQFY0zX2OiITD76oBPcBOI4ISRFixFiQtVkbML4v51EjTXFKSEpY+YLqRpripNCNMMY89Pjl/R+DGssJJdciKf9cFZIyu58AXiBYo1lGIZhGIZhGIahzn0LTSWMXT2aBAAAAABJRU5ErkJggg==']'.

06-05-2024T09:52:31 - [MESSAGE][INFO] - [SELF-HEALING] Failed Locator: '//a[@id='result_app_2']/img'.

06-05-2024T09:52:31 - [MESSAGE][INFO] - [SELF-HEALING] Failed Locator: '(//img[contains(@src,'data:image/png;base64,iVBORw0KGgoAAAANSUhEUgAAAGQAAABkCAYAAABw4pVUAAAACXBIWXMAABYlAAAWJQFJUiTwAAAAAXNSR0IArs4c6QAAAARnQU1BAACxjwv8YQUAAAUGSURBVHgB7Z3PbxtFFMff7DopgR4qDsAJ3CIQcIE7ByLTArlF/AGpySXqiYpjBe1u+QOgp9zIhjMCSxyCWhSKxIVbJRBSA5ItJKQK8aNNmya1d+d1Js5GaRvXO/tj9k3yPlESy3ac2J/M933XkscADMMwDMMwDMMwdhHgOJsr7zUbfrKk7kjPT/xQzHzXA4dxVgh+M30sPjr5IUgMHrjAE0Ej9pZdFeOkkP7Kqbbw8TNAcWy/y9Wd6qqvYePdy8vgGE4JGaycnAZfXACE6SzX12J86bdcWi1OCNHxNHiy8bkAcRpyIARErswX8kIGV95RK0KeHRVPWdFDHz0RTZy6HAJhyArR8aQeQN2emlAC+PcW4K+39PeuBxBOLq2RnC/khKQ1NuucGAcOJMAvt0CurT9wvhAYSTkIp6JeDwhBRsjIGlvkNq+vg1SrArSUEVdR8yWUsr9MRQwJIeNqrCk6nuTP/wJsxFl/hEyM1SrEtMaOA5UAVCK0kJx0EfutOldLLUKK1thHbk9H0vXbIFVEPSaeMlPnfLEupKwam4LdO8M5kT2estLTxy9HvlizWpOtCamwxkJV3JFPwY933+r+M3gmXOicszJfKhdiq8aWSR8n4Ld7r6nPV9XpyeGZKsZQJuGZTtCDCqlMSE01tjB/9F+Ea1uvq9VxdL+Ld2pyvFyVmEqEEKixxtyIn90WcSN+LsO1sSvQryTGShVCsMaORcfTta03tuPJHFQ1OWmVuVpKEUK9xo5CS9CrYndO5KXE+VJYiEM1dhcdTz/dfXPUnMgJqposooWvPy5Uk3MLcbXGahHZ5kReis2XBuTFEz+UkXe11djKEMdRyCV1wrKQEiBQY8lRixB6NZYOVoXQr7H1Y0WIczW2RioX4m6NrYdqhSgJ27OiIuzUWLvU2rLyYrfG2sU5Ia7VWFOcEeJqjTWFvBDXa6wppIUchBprCkkhB6nGmkJOyOrGNPw5eB4OKx4Q47/kaTjMkBNy2GEhxGAhxGAhxGAhxGAhxGAhxGAhxGAhxGAhxGAhxGAhxGAhxGAhxGAhxGAhxGAhxGAhxGAhxGAhxGAhxGAhxGAhxGAhxGAhxGAhxCgiBIEZRe7HJrcQlDCP25veM3vA4Q5B+DbkpPjmMysnA/TEnLqh449cuBFD8u1fYMJX6+87+TIEZeJ/QLx0pvNJoc1nCs+QiZnvg0T6LZQYweGMMQSBS09gfKKoDE2pG5jp/RV9L1nd2SFIHPAVgurjqvpyUYm4CiVR6gt2poZvB3FCb/Gn1t75fWPMfVDFwE0PvbMLnXNfQslUUnsnZ65EOsbk7YFewgcpxtS8xlDHUxUyNNVvE9t+pQkgLwgBp7P8PqKRtRNP8byz28Q+zGb7pbYQ4jyMiTFiQnSN7amMmi9zTjwO61uNb7ZfDtRqmYMRYqgIKavGmmL9qZOpaC1A9Frqvy4CmvOl1BprSq1vV6HnixByFdKaDLWukEpqrCkk3tBl73ypQUilNdYUEs/2TkW/RzsxZrsmV15jTSGxQvayOBs01fFq5pqcE2s11hRyQlIWZy+qGPNVjGGZR/vWa6wpZIWkLM5+qmqyN1dUTF011hTyQjQFY0zX2OiITD76oBPcBOI4ISRFixFiQtVkbML4v51EjTXFKSEpY+YLqRpripNCNMMY89Pjl/R+DGssJJdciKf9cFZIyu58AXiBYo1lGIZhGIZhGIahzn0LTSWMXT2aBAAAAABJRU5ErkJggg==')])[2]'.

06-05-2024T09:52:31 - [MESSAGE][INFO] - [SELF-HEALING] Failed Locator: '//div[3]/a/img'.

06-05-2024T09:52:31 - [MESSAGE][INFO] - [SELF-HEALING] Failed Locator: '//img[@src = 'data:image/png;base64,iVBORw0KGgoAAAANSUhEUgAAAGQAAABkCAYAAABw4pVUAAAACXBIWXMAABYlAAAWJQFJUiTwAAAAAXNSR0IArs4c6QAAAARnQU1BAACxjwv8YQUAAAUGSURBVHgB7Z3PbxtFFMff7DopgR4qDsAJ3CIQcIE7ByLTArlF/AGpySXqiYpjBe1u+QOgp9zIhjMCSxyCWhSKxIVbJRBSA5ItJKQK8aNNmya1d+d1Js5GaRvXO/tj9k3yPlESy3ac2J/M933XkscADMMwDMMwDMMwdhHgOJsr7zUbfrKk7kjPT/xQzHzXA4dxVgh+M30sPjr5IUgMHrjAE0Ej9pZdFeOkkP7Kqbbw8TNAcWy/y9Wd6qqvYePdy8vgGE4JGaycnAZfXACE6SzX12J86bdcWi1OCNHxNHiy8bkAcRpyIARErswX8kIGV95RK0KeHRVPWdFDHz0RTZy6HAJhyArR8aQeQN2emlAC+PcW4K+39PeuBxBOLq2RnC/khKQ1NuucGAcOJMAvt0CurT9wvhAYSTkIp6JeDwhBRsjIGlvkNq+vg1SrArSUEVdR8yWUsr9MRQwJIeNqrCk6nuTP/wJsxFl/hEyM1SrEtMaOA5UAVCK0kJx0EfutOldLLUKK1thHbk9H0vXbIFVEPSaeMlPnfLEupKwam4LdO8M5kT2estLTxy9HvlizWpOtCamwxkJV3JFPwY933+r+M3gmXOicszJfKhdiq8aWSR8n4Ld7r6nPV9XpyeGZKsZQJuGZTtCDCqlMSE01tjB/9F+Ea1uvq9VxdL+Ld2pyvFyVmEqEEKixxtyIn90WcSN+LsO1sSvQryTGShVCsMaORcfTta03tuPJHFQ1OWmVuVpKEUK9xo5CS9CrYndO5KXE+VJYiEM1dhcdTz/dfXPUnMgJqposooWvPy5Uk3MLcbXGahHZ5kReis2XBuTFEz+UkXe11djKEMdRyCV1wrKQEiBQY8lRixB6NZYOVoXQr7H1Y0WIczW2RioX4m6NrYdqhSgJ27OiIuzUWLvU2rLyYrfG2sU5Ia7VWFOcEeJqjTWFvBDXa6wppIUchBprCkkhB6nGmkJOyOrGNPw5eB4OKx4Q47/kaTjMkBNy2GEhxGAhxGAhxGAhxGAhxGAhxGAhxGAhxGAhxGAhxGAhxGAhxGAhxGAhxGAhxGAhxGAhxGAhxGAhxGAhxGAhxGAhxGAhxGAhxGAhxCgiBIEZRe7HJrcQlDCP25veM3vA4Q5B+DbkpPjmMysnA/TEnLqh449cuBFD8u1fYMJX6+87+TIEZeJ/QLx0pvNJoc1nCs+QiZnvg0T6LZQYweGMMQSBS09gfKKoDE2pG5jp/RV9L1nd2SFIHPAVgurjqvpyUYm4CiVR6gt2poZvB3FCb/Gn1t75fWPMfVDFwE0PvbMLnXNfQslUUnsnZ65EOsbk7YFewgcpxtS8xlDHUxUyNNVvE9t+pQkgLwgBp7P8PqKRtRNP8byz28Q+zGb7pbYQ4jyMiTFiQnSN7amMmi9zTjwO61uNb7ZfDtRqmYMRYqgIKavGmmL9qZOpaC1A9Frqvy4CmvOl1BprSq1vV6HnixByFdKaDLWukEpqrCkk3tBl73ypQUilNdYUEs/2TkW/RzsxZrsmV15jTSGxQvayOBs01fFq5pqcE2s11hRyQlIWZy+qGPNVjGGZR/vWa6wpZIWkLM5+qmqyN1dUTF011hTyQjQFY0zX2OiITD76oBPcBOI4ISRFixFiQtVkbML4v51EjTXFKSEpY+YLqRpripNCNMMY89Pjl/R+DGssJJdciKf9cFZIyu58AXiBYo1lGIZhGIZhGIahzn0LTSWMXT2aBAAAAABJRU5ErkJggg==']'.

06-05-2024T09:52:34 - [MESSAGE][INFO] - Unable to find the element located by 'By.xpath: //*[@src = 'data:image/png;base64,iVBORw0KGgoAAAANSUhEUgAAAGQAAABkCAYAAABw4pVUAAAACXBIWXMAABYlAAAWJQFJUiTwAAAAAXNSR0IArs4c6QAAAARnQU1BAACxjwv8YQUAAAUGSURBVHgB7Z3PbxtFFMff7DopgR4qDsAJ3CIQcIE7ByLTArlF/AGpySXqiYpjBe1u+QOgp9zIhjMCSxyCWhSKxIVbJRBSA5ItJKQK8aNNmya1d+d1Js5GaRvXO/tj9k3yPlESy3ac2J/M933XkscADMMwDMMwDMMwdhHgOJsr7zUbfrKk7kjPT/xQzHzXA4dxVgh+M30sPjr5IUgMHrjAE0Ej9pZdFeOkkP7Kqbbw8TNAcWy/y9Wd6qqvYePdy8vgGE4JGaycnAZfXACE6SzX12J86bdcWi1OCNHxNHiy8bkAcRpyIARErswX8kIGV95RK0KeHRVPWdFDHz0RTZy6HAJhyArR8aQeQN2emlAC+PcW4K+39PeuBxBOLq2RnC/khKQ1NuucGAcOJMAvt0CurT9wvhAYSTkIp6JeDwhBRsjIGlvkNq+vg1SrArSUEVdR8yWUsr9MRQwJIeNqrCk6nuTP/wJsxFl/hEyM1SrEtMaOA5UAVCK0kJx0EfutOldLLUKK1thHbk9H0vXbIFVEPSaeMlPnfLEupKwam4LdO8M5kT2estLTxy9HvlizWpOtCamwxkJV3JFPwY933+r+M3gmXOicszJfKhdiq8aWSR8n4Ld7r6nPV9XpyeGZKsZQJuGZTtCDCqlMSE01tjB/9F+Ea1uvq9VxdL+Ld2pyvFyVmEqEEKixxtyIn90WcSN+LsO1sSvQryTGShVCsMaORcfTta03tuPJHFQ1OWmVuVpKEUK9xo5CS9CrYndO5KXE+VJYiEM1dhcdTz/dfXPUnMgJqposooWvPy5Uk3MLcbXGahHZ5kReis2XBuTFEz+UkXe11djKEMdRyCV1wrKQEiBQY8lRixB6NZYOVoXQr7H1Y0WIczW2RioX4m6NrYdqhSgJ27OiIuzUWLvU2rLyYrfG2sU5Ia7VWFOcEeJqjTWFvBDXa6wppIUchBprCkkhB6nGmkJOyOrGNPw5eB4OKx4Q47/kaTjMkBNy2GEhxGAhxGAhxGAhxGAhxGAhxGAhxGAhxGAhxGAhxGAhxGAhxGAhxGAhxGAhxGAhxGAhxGAhxGAhxGAhxGAhxGAhxGAhxGAhxGAhxCgiBIEZRe7HJrcQlDCP25veM3vA4Q5B+DbkpPjmMysnA/TEnLqh449cuBFD8u1fYMJX6+87+TIEZeJ/QLx0pvNJoc1nCs+QiZnvg0T6LZQYweGMMQSBS09gfKKoDE2pG5jp/RV9L1nd2SFIHPAVgurjqvpyUYm4CiVR6gt2poZvB3FCb/Gn1t75fWPMfVDFwE0PvbMLnXNfQslUUnsnZ65EOsbk7YFewgcpxtS8xlDHUxUyNNVvE9t+pQkgLwgBp7P8PqKRtRNP8byz28Q+zGb7pbYQ4jyMiTFiQnSN7amMmi9zTjwO61uNb7ZfDtRqmYMRYqgIKavGmmL9qZOpaC1A9Frqvy4CmvOl1BprSq1vV6HnixByFdKaDLWukEpqrCkk3tBl73ypQUilNdYUEs/2TkW/RzsxZrsmV15jTSGxQvayOBs01fFq5pqcE2s11hRyQlIWZy+qGPNVjGGZR/vWa6wpZIWkLM5+qmqyN1dUTF011hTyQjQFY0zX2OiITD76oBPcBOI4ISRFixFiQtVkbML4v51EjTXFKSEpY+YLqRpripNCNMMY89Pjl/R+DGssJJdciKf9cFZIyu58AXiBYo1lGIZhGIZhGIahzn0LTSWMXT2aBAAAAABJRU5ErkJggg==']'. Please recheck the objects properties to make sure the desired element is located. 

06-05-2024T09:52:35 - [MESSAGE][INFO] - Unable to find the element located by 'By.cssSelector: #result_app_2 > img.o_app_icon.rounded-3'. Please recheck the objects properties to make sure the desired element is located. 

06-05-2024T09:52:35 - [MESSAGE][FAILED] - Unable to click on object 'Object Repository/homeMenuPage/inventorylink' (Root cause: com.kms.katalon.core.exception.StepFailedException: Unable to click on object 'Object Repository/homeMenuPage/inventorylink'
	at com.kms.katalon.core.webui.keyword.internal.WebUIKeywordMain.stepFailed(WebUIKeywordMain.groovy:64)
	at com.kms.katalon.core.webui.keyword.internal.WebUIKeywordMain.runKeyword(WebUIKeywordMain.groovy:26)
	at com.kms.katalon.core.webui.keyword.builtin.ClickKeyword.click(ClickKeyword.groovy:74)
	at com.kms.katalon.core.webui.keyword.builtin.ClickKeyword.execute(ClickKeyword.groovy:40)
	at com.kms.katalon.core.keyword.internal.KeywordExecutor.executeKeywordForPlatform(KeywordExecutor.groovy:74)
	at com.kms.katalon.core.webui.keyword.WebUiBuiltInKeywords.click(WebUiBuiltInKeywords.groovy:659)
	at Move stocks from warehouse to scrap.run(Move stocks from warehouse to scrap:22)
	at com.kms.katalon.core.main.ScriptEngine.run(ScriptEngine.java:194)
	at com.kms.katalon.core.main.ScriptEngine.runScriptAsRawText(ScriptEngine.java:119)
	at com.kms.katalon.core.main.TestCaseExecutor.runScript(TestCaseExecutor.java:448)
	at com.kms.katalon.core.main.TestCaseExecutor.doExecute(TestCaseExecutor.java:439)
	at com.kms.katalon.core.main.TestCaseExecutor.processExecutionPhase(TestCaseExecutor.java:418)
	at com.kms.katalon.core.main.TestCaseExecutor.accessMainPhase(TestCaseExecutor.java:410)
	at com.kms.katalon.core.main.TestCaseExecutor.execute(TestCaseExecutor.java:285)
	at com.kms.katalon.core.common.CommonExecutor.accessTestCaseMainPhase(CommonExecutor.java:65)
	at com.kms.katalon.core.main.TestSuiteExecutor.accessTestSuiteMainPhase(TestSuiteExecutor.java:148)
	at com.kms.katalon.core.main.TestSuiteExecutor.execute(TestSuiteExecutor.java:106)
	at com.kms.katalon.core.main.TestCaseMain.startTestSuite(TestCaseMain.java:180)
	at TempTestSuite1715003411880.run(TempTestSuite1715003411880.groovy:35)
	at java.base/jdk.internal.reflect.NativeMethodAccessorImpl.invoke0(Native Method)
	at java.base/jdk.internal.reflect.NativeMethodAccessorImpl.invoke(NativeMethodAccessorImpl.java:77)
	at java.base/jdk.internal.reflect.DelegatingMethodAccessorImpl.invoke(DelegatingMethodAccessorImpl.java:43)
Caused by: com.kms.katalon.core.webui.exception.WebElementNotFoundException: Web element with id: 'Object Repository/homeMenuPage/inventorylink' located by '//a[@id='result_app_2']/img' not found
	at com.kms.katalon.core.webui.common.WebUiCommonHelper.findWebElement(WebUiCommonHelper.java:1426)
	at com.kms.katalon.core.webui.keyword.internal.WebUIAbstractKeyword.findWebElement(WebUIAbstractKeyword.groovy:27)
	at com.kms.katalon.core.webui.keyword.builtin.ClickKeyword$_click_closure1.doCall(ClickKeyword.groovy:65)
	at com.kms.katalon.core.webui.keyword.builtin.ClickKeyword$_click_closure1.call(ClickKeyword.groovy)
	at com.kms.katalon.core.webui.keyword.internal.WebUIKeywordMain.runKeyword(WebUIKeywordMain.groovy:20)
	at com.kms.katalon.core.webui.keyword.builtin.ClickKeyword.click(ClickKeyword.groovy:74)
	at com.kms.katalon.core.webui.keyword.builtin.ClickKeyword.execute(ClickKeyword.groovy:40)
	at com.kms.katalon.core.keyword.internal.KeywordExecutor.executeKeywordForPlatform(KeywordExecutor.groovy:74)
	at com.kms.katalon.core.webui.keyword.WebUiBuiltInKeywords.click(WebUiBuiltInKeywords.groovy:659)
	at Script1712863925861.run(Script1712863925861.groovy:22)
	... 15 more
)
[[ATTACHMENT|C:\\Users\\UmaSankaran\\git\\OdooInventoryKatalon\\newcode\\OdooInventoryKatalon\\05-02\\Reports\\20240506_095006\\Scrap Inventory\\20240506_095011\\1715003555084.png]]]]></system-out>
         <system-err><![CDATA[06-05-2024T09:51:53 - [TEST_CASE][FAILED] - Test Cases/Move stocks from warehouse to scrap: Test Cases/Move stocks from warehouse to scrap FAILED.
Reason:
com.kms.katalon.core.exception.StepFailedException: Unable to click on object 'Object Repository/homeMenuPage/inventorylink'
	at com.kms.katalon.core.webui.keyword.internal.WebUIKeywordMain.stepFailed(WebUIKeywordMain.groovy:64)
	at com.kms.katalon.core.webui.keyword.internal.WebUIKeywordMain.runKeyword(WebUIKeywordMain.groovy:26)
	at com.kms.katalon.core.webui.keyword.builtin.ClickKeyword.click(ClickKeyword.groovy:74)
	at com.kms.katalon.core.webui.keyword.builtin.ClickKeyword.execute(ClickKeyword.groovy:40)
	at com.kms.katalon.core.keyword.internal.KeywordExecutor.executeKeywordForPlatform(KeywordExecutor.groovy:74)
	at com.kms.katalon.core.webui.keyword.WebUiBuiltInKeywords.click(WebUiBuiltInKeywords.groovy:659)
	at Move stocks from warehouse to scrap.run(Move stocks from warehouse to scrap:22)
	at com.kms.katalon.core.main.ScriptEngine.run(ScriptEngine.java:194)
	at com.kms.katalon.core.main.ScriptEngine.runScriptAsRawText(ScriptEngine.java:119)
	at com.kms.katalon.core.main.TestCaseExecutor.runScript(TestCaseExecutor.java:448)
	at com.kms.katalon.core.main.TestCaseExecutor.doExecute(TestCaseExecutor.java:439)
	at com.kms.katalon.core.main.TestCaseExecutor.processExecutionPhase(TestCaseExecutor.java:418)
	at com.kms.katalon.core.main.TestCaseExecutor.accessMainPhase(TestCaseExecutor.java:410)
	at com.kms.katalon.core.main.TestCaseExecutor.execute(TestCaseExecutor.java:285)
	at com.kms.katalon.core.common.CommonExecutor.accessTestCaseMainPhase(CommonExecutor.java:65)
	at com.kms.katalon.core.main.TestSuiteExecutor.accessTestSuiteMainPhase(TestSuiteExecutor.java:148)
	at com.kms.katalon.core.main.TestSuiteExecutor.execute(TestSuiteExecutor.java:106)
	at com.kms.katalon.core.main.TestCaseMain.startTestSuite(TestCaseMain.java:180)
	at TempTestSuite1715003411880.run(TempTestSuite1715003411880.groovy:35)
	at java.base/jdk.internal.reflect.NativeMethodAccessorImpl.invoke0(Native Method)
	at java.base/jdk.internal.reflect.NativeMethodAccessorImpl.invoke(NativeMethodAccessorImpl.java:77)
	at java.base/jdk.internal.reflect.DelegatingMethodAccessorImpl.invoke(DelegatingMethodAccessorImpl.java:43)
Caused by: com.kms.katalon.core.webui.exception.WebElementNotFoundException: Web element with id: 'Object Repository/homeMenuPage/inventorylink' located by '//a[@id='result_app_2']/img' not found
	at com.kms.katalon.core.webui.common.WebUiCommonHelper.findWebElement(WebUiCommonHelper.java:1426)
	at com.kms.katalon.core.webui.keyword.internal.WebUIAbstractKeyword.findWebElement(WebUIAbstractKeyword.groovy:27)
	at com.kms.katalon.core.webui.keyword.builtin.ClickKeyword$_click_closure1.doCall(ClickKeyword.groovy:65)
	at com.kms.katalon.core.webui.keyword.builtin.ClickKeyword$_click_closure1.call(ClickKeyword.groovy)
	at com.kms.katalon.core.webui.keyword.internal.WebUIKeywordMain.runKeyword(WebUIKeywordMain.groovy:20)
	... 20 more]]></system-err>
      </testcase>
      <testcase name="Test Cases/OIEMP7-27 Create a Warehouse" time="14.182" classname="Test Cases/OIEMP7-27 Create a Warehouse" status="PASSED">
         <system-out><![CDATA[06-05-2024T09:52:35 - [TEST_CASE][PASSED] - Test Cases/OIEMP7-27 Create a Warehouse: Test Cases/OIEMP7-27 Create a Warehouse

06-05-2024T09:52:35 - [TEST_STEP][PASSED] - callTestCase(findTestCase("Login to Odoo Inventory ERP System"), ["Email":"vinita.gaikwad07@gmail.com", "Password":"Test@123"], STOP_ON_FAILURE): Call Test Case 'Test Cases/Login to Odoo Inventory ERP System' successfully

06-05-2024T09:52:35 - [TEST_CASE][PASSED] - Test Cases/Login to Odoo Inventory ERP System: Test Cases/Login to Odoo Inventory ERP System

06-05-2024T09:52:35 - [TEST_STEP][PASSED] - openBrowser(""): Browser is opened with url: ''

06-05-2024T09:52:35 - [MESSAGE][WARNING] - A browser is already opened. Closing browser and opening a new one

06-05-2024T09:52:35 - [MESSAGE][INFO] - Starting 'Chrome' driver

06-05-2024T09:52:35 - [MESSAGE][INFO] - Action delay is set to 0 milliseconds

06-05-2024T09:52:36 - [MESSAGE][PASSED] - Browser is opened with url: ''

06-05-2024T09:52:36 - [TEST_STEP][PASSED] - navigateToUrl("https://freelance25.odoo.com/web/login?redirect=%2Fodoo%3F"): Navigate to 'https://freelance25.odoo.com/web/login?redirect=%2Fodoo%3F' successfully

06-05-2024T09:52:37 - [MESSAGE][PASSED] - Navigate to 'https://freelance25.odoo.com/web/login?redirect=%2Fodoo%3F' successfully

06-05-2024T09:52:37 - [TEST_STEP][PASSED] - setText(findTestObject("Object Repository/Odoo_loginPage/txt_Email"), Email): Text 'vinita.gaikwad07@gmail.com' is set on object 'Object Repository/Odoo_loginPage/txt_Email'

06-05-2024T09:52:38 - [MESSAGE][PASSED] - Text 'vinita.gaikwad07@gmail.com' is set on object 'Object Repository/Odoo_loginPage/txt_Email'

06-05-2024T09:52:38 - [TEST_STEP][PASSED] - setText(findTestObject("Object Repository/Odoo_loginPage/txt_Password"), Password): Text 'Test@123' is set on object 'Object Repository/Odoo_loginPage/txt_Password'

06-05-2024T09:52:39 - [MESSAGE][PASSED] - Text 'Test@123' is set on object 'Object Repository/Odoo_loginPage/txt_Password'

06-05-2024T09:52:39 - [TEST_STEP][PASSED] - click(findTestObject("Object Repository/Odoo_loginPage/btn_Login")): Object: 'Object Repository/Odoo_loginPage/btn_Login' is clicked on

06-05-2024T09:52:40 - [MESSAGE][PASSED] - Object: 'Object Repository/Odoo_loginPage/btn_Login' is clicked on

06-05-2024T09:52:40 - [MESSAGE][PASSED] - Call Test Case 'Test Cases/Login to Odoo Inventory ERP System' successfully

06-05-2024T09:52:40 - [TEST_STEP][PASSED] - click(findTestObject("homeMenuPage/inventorylink")): Object: 'Object Repository/homeMenuPage/inventorylink' is clicked on

06-05-2024T09:52:41 - [MESSAGE][PASSED] - Object: 'Object Repository/homeMenuPage/inventorylink' is clicked on

06-05-2024T09:52:41 - [TEST_STEP][PASSED] - waitForElementPresent(findTestObject("Object Repository/inventoryPage/configurationMenu"), 2): Object 'Object Repository/inventoryPage/configurationMenu' is present

06-05-2024T09:52:42 - [MESSAGE][PASSED] - Object 'Object Repository/inventoryPage/configurationMenu' is present

06-05-2024T09:52:42 - [TEST_STEP][PASSED] - click(findTestObject("Object Repository/inventoryPage/configurationMenu")): Object: 'Object Repository/inventoryPage/configurationMenu' is clicked on

06-05-2024T09:52:42 - [MESSAGE][PASSED] - Object: 'Object Repository/inventoryPage/configurationMenu' is clicked on

06-05-2024T09:52:42 - [TEST_STEP][PASSED] - click(findTestObject("Object Repository/inventoryPage/warehousesSubMenu")): Object: 'Object Repository/inventoryPage/warehousesSubMenu' is clicked on

06-05-2024T09:52:43 - [MESSAGE][PASSED] - Object: 'Object Repository/inventoryPage/warehousesSubMenu' is clicked on

06-05-2024T09:52:43 - [TEST_STEP][PASSED] - click(findTestObject("Object Repository/warehousesPage/newButton")): Object: 'Object Repository/warehousesPage/newButton' is clicked on

06-05-2024T09:52:44 - [MESSAGE][PASSED] - Object: 'Object Repository/warehousesPage/newButton' is clicked on

06-05-2024T09:52:44 - [TEST_STEP][PASSED] - s1 = "ABCDEFGHIJKLMNOPQRSTUVWXYZabcdefghijklmnopqrstuvwxyz": null

06-05-2024T09:52:44 - [TEST_STEP][PASSED] - rand = new java.util.Random(): null

06-05-2024T09:52:44 - [TEST_STEP][PASSED] - sb = new java.lang.StringBuilder(): null

06-05-2024T09:52:44 - [TEST_STEP][PASSED] - for ([j = 1, j <= 10, (j++)]): null

06-05-2024T09:52:44 - [TEST_STEP][PASSED] - sb.append(s1.charAt(rand.nextInt(s1.length()))): null

06-05-2024T09:52:44 - [TEST_STEP][PASSED] - sb.append(s1.charAt(rand.nextInt(s1.length()))): null

06-05-2024T09:52:44 - [TEST_STEP][PASSED] - sb.append(s1.charAt(rand.nextInt(s1.length()))): null

06-05-2024T09:52:44 - [TEST_STEP][PASSED] - sb.append(s1.charAt(rand.nextInt(s1.length()))): null

06-05-2024T09:52:44 - [TEST_STEP][PASSED] - sb.append(s1.charAt(rand.nextInt(s1.length()))): null

06-05-2024T09:52:44 - [TEST_STEP][PASSED] - sb.append(s1.charAt(rand.nextInt(s1.length()))): null

06-05-2024T09:52:44 - [TEST_STEP][PASSED] - sb.append(s1.charAt(rand.nextInt(s1.length()))): null

06-05-2024T09:52:44 - [TEST_STEP][PASSED] - sb.append(s1.charAt(rand.nextInt(s1.length()))): null

06-05-2024T09:52:44 - [TEST_STEP][PASSED] - sb.append(s1.charAt(rand.nextInt(s1.length()))): null

06-05-2024T09:52:44 - [TEST_STEP][PASSED] - sb.append(s1.charAt(rand.nextInt(s1.length()))): null

06-05-2024T09:52:44 - [TEST_STEP][PASSED] - setText(findTestObject("Object Repository/warehouseConfigurationPage/warehouseNameText"), sb.toString()): Text 'wRUfOSJyoG' is set on object 'Object Repository/warehouseConfigurationPage/warehouseNameText'

06-05-2024T09:52:44 - [MESSAGE][PASSED] - Text 'wRUfOSJyoG' is set on object 'Object Repository/warehouseConfigurationPage/warehouseNameText'

06-05-2024T09:52:44 - [TEST_STEP][PASSED] - setText(findTestObject("Object Repository/warehouseConfigurationPage/shortNameText"), sb.toString()): Text 'wRUfOSJyoG' is set on object 'Object Repository/warehouseConfigurationPage/shortNameText'

06-05-2024T09:52:45 - [MESSAGE][PASSED] - Text 'wRUfOSJyoG' is set on object 'Object Repository/warehouseConfigurationPage/shortNameText'

06-05-2024T09:52:45 - [TEST_STEP][PASSED] - setText(findTestObject("Object Repository/warehouseConfigurationPage/addressText"), "345 rose st"): Text '345 rose st' is set on object 'Object Repository/warehouseConfigurationPage/addressText'

06-05-2024T09:52:46 - [MESSAGE][PASSED] - Text '345 rose st' is set on object 'Object Repository/warehouseConfigurationPage/addressText'

06-05-2024T09:52:46 - [TEST_STEP][PASSED] - click(findTestObject("Object Repository/warehouseConfigurationPage/resupplyFromMainWarehouseCheckbox")): Object: 'Object Repository/warehouseConfigurationPage/resupplyFromMainWarehouseCheckbox' is clicked on

06-05-2024T09:52:46 - [MESSAGE][PASSED] - Object: 'Object Repository/warehouseConfigurationPage/resupplyFromMainWarehouseCheckbox' is clicked on

06-05-2024T09:52:46 - [TEST_STEP][PASSED] - click(findTestObject("Object Repository/warehouseConfigurationPage/saveManuallyButton")): Object: 'Object Repository/warehouseConfigurationPage/saveManuallyButton' is clicked on

06-05-2024T09:52:47 - [MESSAGE][PASSED] - Object: 'Object Repository/warehouseConfigurationPage/saveManuallyButton' is clicked on

06-05-2024T09:52:47 - [TEST_STEP][PASSED] - click(findTestObject("Object Repository/warehouseConfigurationPage/warehousesLink")): Object: 'Object Repository/warehouseConfigurationPage/warehousesLink' is clicked on

06-05-2024T09:52:48 - [MESSAGE][PASSED] - Object: 'Object Repository/warehouseConfigurationPage/warehousesLink' is clicked on

06-05-2024T09:52:48 - [TEST_STEP][PASSED] - verifyElementPresent(findTestObject("Object Repository/warehousesPage/warehouseName"), 0): Object 'Object Repository/warehousesPage/warehouseName' is present

06-05-2024T09:52:48 - [MESSAGE][WARNING] - Timeout '0' is invalid. Using default page load timeout: '30'

06-05-2024T09:52:49 - [MESSAGE][PASSED] - Object 'Object Repository/warehousesPage/warehouseName' is present

06-05-2024T09:52:49 - [TEST_STEP][PASSED] - closeBrowser(): Browser is closed

06-05-2024T09:52:49 - [MESSAGE][PASSED] - Browser is closed]]></system-out>
         <system-err><![CDATA[]]></system-err>
      </testcase>
      <testcase name="Test Cases/OIEMP7-28 Modify an Existing Warehouse" time="45.346" classname="Test Cases/OIEMP7-28 Modify an Existing Warehouse" status="PASSED">
         <system-out><![CDATA[06-05-2024T09:52:49 - [TEST_CASE][PASSED] - Test Cases/OIEMP7-28 Modify an Existing Warehouse: Test Cases/OIEMP7-28 Modify an Existing Warehouse

06-05-2024T09:52:49 - [TEST_STEP][PASSED] - callTestCase(findTestCase("Login to Odoo Inventory ERP System"), ["Email":"vinita.gaikwad07@gmail.com", "Password":"Test@123"], STOP_ON_FAILURE): Call Test Case 'Test Cases/Login to Odoo Inventory ERP System' successfully

06-05-2024T09:52:49 - [TEST_CASE][PASSED] - Test Cases/Login to Odoo Inventory ERP System: Test Cases/Login to Odoo Inventory ERP System

06-05-2024T09:52:49 - [TEST_STEP][PASSED] - openBrowser(""): Browser is opened with url: ''

06-05-2024T09:52:49 - [MESSAGE][INFO] - Starting 'Chrome' driver

06-05-2024T09:52:49 - [MESSAGE][INFO] - Action delay is set to 0 milliseconds

06-05-2024T09:52:50 - [MESSAGE][PASSED] - Browser is opened with url: ''

06-05-2024T09:52:50 - [TEST_STEP][PASSED] - navigateToUrl("https://freelance25.odoo.com/web/login?redirect=%2Fodoo%3F"): Navigate to 'https://freelance25.odoo.com/web/login?redirect=%2Fodoo%3F' successfully

06-05-2024T09:52:51 - [MESSAGE][PASSED] - Navigate to 'https://freelance25.odoo.com/web/login?redirect=%2Fodoo%3F' successfully

06-05-2024T09:52:51 - [TEST_STEP][PASSED] - setText(findTestObject("Object Repository/Odoo_loginPage/txt_Email"), Email): Text 'vinita.gaikwad07@gmail.com' is set on object 'Object Repository/Odoo_loginPage/txt_Email'

06-05-2024T09:52:52 - [MESSAGE][PASSED] - Text 'vinita.gaikwad07@gmail.com' is set on object 'Object Repository/Odoo_loginPage/txt_Email'

06-05-2024T09:52:52 - [TEST_STEP][PASSED] - setText(findTestObject("Object Repository/Odoo_loginPage/txt_Password"), Password): Text 'Test@123' is set on object 'Object Repository/Odoo_loginPage/txt_Password'

06-05-2024T09:52:52 - [MESSAGE][PASSED] - Text 'Test@123' is set on object 'Object Repository/Odoo_loginPage/txt_Password'

06-05-2024T09:52:52 - [TEST_STEP][PASSED] - click(findTestObject("Object Repository/Odoo_loginPage/btn_Login")): Object: 'Object Repository/Odoo_loginPage/btn_Login' is clicked on

06-05-2024T09:52:54 - [MESSAGE][PASSED] - Object: 'Object Repository/Odoo_loginPage/btn_Login' is clicked on

06-05-2024T09:52:54 - [MESSAGE][PASSED] - Call Test Case 'Test Cases/Login to Odoo Inventory ERP System' successfully

06-05-2024T09:52:54 - [TEST_STEP][PASSED] - click(findTestObject("Object Repository/homeMenuPage/inventoryLink")): Object: 'Object Repository/homeMenuPage/inventoryLink' is clicked on

06-05-2024T09:52:55 - [MESSAGE][PASSED] - Object: 'Object Repository/homeMenuPage/inventoryLink' is clicked on

06-05-2024T09:52:55 - [TEST_STEP][PASSED] - click(findTestObject("Object Repository/inventoryPage/configurationMenu")): Object: 'Object Repository/inventoryPage/configurationMenu' is clicked on

06-05-2024T09:52:56 - [MESSAGE][PASSED] - Object: 'Object Repository/inventoryPage/configurationMenu' is clicked on

06-05-2024T09:52:56 - [TEST_STEP][PASSED] - click(findTestObject("Object Repository/inventoryPage/warehousesSubMenu")): Object: 'Object Repository/inventoryPage/warehousesSubMenu' is clicked on

06-05-2024T09:52:56 - [MESSAGE][PASSED] - Object: 'Object Repository/inventoryPage/warehousesSubMenu' is clicked on

06-05-2024T09:52:56 - [TEST_STEP][PASSED] - click(findTestObject("Object Repository/warehousesPage/newButton")): Object: 'Object Repository/warehousesPage/newButton' is clicked on

06-05-2024T09:52:57 - [MESSAGE][PASSED] - Object: 'Object Repository/warehousesPage/newButton' is clicked on

06-05-2024T09:52:57 - [TEST_STEP][PASSED] - s1 = "ABCDEFGHIJKLMNOPQRSTUVWXYZabcdefghijklmnopqrstuvwxyz": null

06-05-2024T09:52:57 - [TEST_STEP][PASSED] - rand = new java.util.Random(): null

06-05-2024T09:52:57 - [TEST_STEP][PASSED] - sb = new java.lang.StringBuilder(): null

06-05-2024T09:52:57 - [TEST_STEP][PASSED] - for ([j = 1, j <= 10, (j++)]): null

06-05-2024T09:52:57 - [TEST_STEP][PASSED] - sb.append(s1.charAt(rand.nextInt(s1.length()))): null

06-05-2024T09:52:57 - [TEST_STEP][PASSED] - sb.append(s1.charAt(rand.nextInt(s1.length()))): null

06-05-2024T09:52:57 - [TEST_STEP][PASSED] - sb.append(s1.charAt(rand.nextInt(s1.length()))): null

06-05-2024T09:52:57 - [TEST_STEP][PASSED] - sb.append(s1.charAt(rand.nextInt(s1.length()))): null

06-05-2024T09:52:57 - [TEST_STEP][PASSED] - sb.append(s1.charAt(rand.nextInt(s1.length()))): null

06-05-2024T09:52:57 - [TEST_STEP][PASSED] - sb.append(s1.charAt(rand.nextInt(s1.length()))): null

06-05-2024T09:52:57 - [TEST_STEP][PASSED] - sb.append(s1.charAt(rand.nextInt(s1.length()))): null

06-05-2024T09:52:57 - [TEST_STEP][PASSED] - sb.append(s1.charAt(rand.nextInt(s1.length()))): null

06-05-2024T09:52:57 - [TEST_STEP][PASSED] - sb.append(s1.charAt(rand.nextInt(s1.length()))): null

06-05-2024T09:52:57 - [TEST_STEP][PASSED] - sb.append(s1.charAt(rand.nextInt(s1.length()))): null

06-05-2024T09:52:57 - [TEST_STEP][PASSED] - setText(findTestObject("Object Repository/warehouseConfigurationPage/warehouseNameText"), sb.toString()): Text 'EFsqcxgBtP' is set on object 'Object Repository/warehouseConfigurationPage/warehouseNameText'

06-05-2024T09:52:58 - [MESSAGE][PASSED] - Text 'EFsqcxgBtP' is set on object 'Object Repository/warehouseConfigurationPage/warehouseNameText'

06-05-2024T09:52:58 - [TEST_STEP][PASSED] - setText(findTestObject("Object Repository/warehouseConfigurationPage/shortNameText"), sb.toString()): Text 'EFsqcxgBtP' is set on object 'Object Repository/warehouseConfigurationPage/shortNameText'

06-05-2024T09:52:59 - [MESSAGE][PASSED] - Text 'EFsqcxgBtP' is set on object 'Object Repository/warehouseConfigurationPage/shortNameText'

06-05-2024T09:52:59 - [TEST_STEP][PASSED] - setText(findTestObject("Object Repository/warehouseConfigurationPage/addressText"), "345 rose st"): Text '345 rose st' is set on object 'Object Repository/warehouseConfigurationPage/addressText'

06-05-2024T09:52:59 - [MESSAGE][PASSED] - Text '345 rose st' is set on object 'Object Repository/warehouseConfigurationPage/addressText'

06-05-2024T09:52:59 - [TEST_STEP][PASSED] - click(findTestObject("Object Repository/warehouseConfigurationPage/resupplyFromMainWarehouseCheckbox")): Object: 'Object Repository/warehouseConfigurationPage/resupplyFromMainWarehouseCheckbox' is clicked on

06-05-2024T09:53:00 - [MESSAGE][PASSED] - Object: 'Object Repository/warehouseConfigurationPage/resupplyFromMainWarehouseCheckbox' is clicked on

06-05-2024T09:53:00 - [TEST_STEP][PASSED] - click(findTestObject("Object Repository/warehouseConfigurationPage/saveManuallyButton")): Object: 'Object Repository/warehouseConfigurationPage/saveManuallyButton' is clicked on

06-05-2024T09:53:00 - [MESSAGE][PASSED] - Object: 'Object Repository/warehouseConfigurationPage/saveManuallyButton' is clicked on

06-05-2024T09:53:00 - [TEST_STEP][PASSED] - click(findTestObject("Object Repository/warehouseConfigurationPage/actionsMenu")): Object: 'Object Repository/warehouseConfigurationPage/actionsMenu' is clicked on

06-05-2024T09:53:02 - [MESSAGE][PASSED] - Object: 'Object Repository/warehouseConfigurationPage/actionsMenu' is clicked on

06-05-2024T09:53:02 - [TEST_STEP][PASSED] - mouseOver(findTestObject("Object Repository/warehouseConfigurationPage/archiveSetting")): Object: 'Object Repository/warehouseConfigurationPage/archiveSetting' is hovered

06-05-2024T09:53:33 - [MESSAGE][INFO] - Unable to find the element located by 'By.xpath: /html[1]/body[@class="o_web_client"]/div[@class="o-main-components-container"]/div[@class="o-overlay-container"]/div[@class="o_popover popover mw-100 o-dropdown--menu dropdown-menu mx-0 lh-base"]/span[@class="o-dropdown-item dropdown-item o-navigable o_menu_item focus"]/i[@class="fa-fw oi-fw me-1 oi oi-archive"]'. Please recheck the objects properties to make sure the desired element is located. 

06-05-2024T09:53:33 - [MESSAGE][WARNING] - [SELF-HEALING] Failed to find element with id 'Object Repository/warehouseConfigurationPage/archiveSetting'. Try using Self-healing.

06-05-2024T09:53:33 - [MESSAGE][WARNING] - [SELF-HEALING] The current locator of test object 'Object Repository/warehouseConfigurationPage/archiveSetting' was broken. Propose an alternative one: '(.//*[normalize-space(text()) and normalize-space(.)='Quebec Warehouse'])[1]/following::span[1]'.

06-05-2024T09:53:33 - [MESSAGE][PASSED] - Object: 'Object Repository/warehouseConfigurationPage/archiveSetting' is hovered

06-05-2024T09:53:33 - [TEST_STEP][PASSED] - click(findTestObject("Object Repository/warehouseConfigurationPage/archiveSetting"), STOP_ON_FAILURE): Object: 'Object Repository/warehouseConfigurationPage/archiveSetting' is clicked on

06-05-2024T09:53:34 - [MESSAGE][PASSED] - Object: 'Object Repository/warehouseConfigurationPage/archiveSetting' is clicked on

06-05-2024T09:53:34 - [TEST_STEP][PASSED] - click(findTestObject("Object Repository/warehouseConfigurationPage/archiveButton")): Object: 'Object Repository/warehouseConfigurationPage/archiveButton' is clicked on

06-05-2024T09:53:34 - [MESSAGE][PASSED] - Object: 'Object Repository/warehouseConfigurationPage/archiveButton' is clicked on

06-05-2024T09:53:34 - [TEST_STEP][PASSED] - closeBrowser(): Browser is closed

06-05-2024T09:53:34 - [MESSAGE][PASSED] - Browser is closed]]></system-out>
         <system-err><![CDATA[]]></system-err>
      </testcase>
      <testcase name="Test Cases/OIEMP7-29 DeleteArchive an Existing Warehouse" time="0.007" classname="Test Cases/OIEMP7-29 DeleteArchive an Existing Warehouse" status="PASSED">
         <system-out><![CDATA[06-05-2024T09:53:34 - [TEST_CASE][PASSED] - Test Cases/OIEMP7-29 DeleteArchive an Existing Warehouse: Test Cases/OIEMP7-29 DeleteArchive an Existing Warehouse

06-05-2024T09:53:34 - [TEST_STEP][PASSED] - return null: null]]></system-out>
         <system-err><![CDATA[]]></system-err>
      </testcase>
      <testcase name="Test Cases/Replenish Stock from Main Warehouse" time="5.285" classname="Test Cases/Replenish Stock from Main Warehouse" status="FAILED">
         <failure type="FAILED" message="Test Cases/Replenish Stock from Main Warehouse FAILED.&#xa;Reason:&#xa;com.kms.katalon.core.exception.StepFailedException: Unable to click on image&#xa;	at com.kms.katalon.core.webui.keyword.internal.WebUIKeywordMain.stepFailed(WebUIKeywordMain.groovy:64)&#xa;	at com.kms.katalon.core.webui.keyword.internal.WebUIKeywordMain.runKeyword(WebUIKeywordMain.groovy:26)&#xa;	at com.kms.katalon.core.webui.keyword.builtin.ClickImageKeyword.clickImage(ClickImageKeyword.groovy:90)&#xa;	at com.kms.katalon.core.webui.keyword.builtin.ClickImageKeyword.execute(ClickImageKeyword.groovy:67)&#xa;	at com.kms.katalon.core.keyword.internal.KeywordExecutor.executeKeywordForPlatform(KeywordExecutor.groovy:74)&#xa;	at com.kms.katalon.core.webui.keyword.WebUiBuiltInKeywords.clickImage(WebUiBuiltInKeywords.groovy:2779)&#xa;	at Replenish Stock from Main Warehouse.run(Replenish Stock from Main Warehouse:23)&#xa;	at com.kms.katalon.core.main.ScriptEngine.run(ScriptEngine.java:194)&#xa;	at com.kms.katalon.core.main.ScriptEngine.runScriptAsRawText(ScriptEngine.java:119)&#xa;	at com.kms.katalon.core.main.TestCaseExecutor.runScript(TestCaseExecutor.java:448)&#xa;	at com.kms.katalon.core.main.TestCaseExecutor.doExecute(TestCaseExecutor.java:439)&#xa;	at com.kms.katalon.core.main.TestCaseExecutor.processExecutionPhase(TestCaseExecutor.java:418)&#xa;	at com.kms.katalon.core.main.TestCaseExecutor.accessMainPhase(TestCaseExecutor.java:410)&#xa;	at com.kms.katalon.core.main.TestCaseExecutor.execute(TestCaseExecutor.java:285)&#xa;	at com.kms.katalon.core.common.CommonExecutor.accessTestCaseMainPhase(CommonExecutor.java:65)&#xa;	at com.kms.katalon.core.main.TestSuiteExecutor.accessTestSuiteMainPhase(TestSuiteExecutor.java:148)&#xa;	at com.kms.katalon.core.main.TestSuiteExecutor.execute(TestSuiteExecutor.java:106)&#xa;	at com.kms.katalon.core.main.TestCaseMain.startTestSuite(TestCaseMain.java:180)&#xa;	at TempTestSuite1715003411880.run(TempTestSuite1715003411880.groovy:35)&#xa;	at java.base/jdk.internal.reflect.NativeMethodAccessorImpl.invoke0(Native Method)&#xa;	at java.base/jdk.internal.reflect.NativeMethodAccessorImpl.invoke(NativeMethodAccessorImpl.java:77)&#xa;	at java.base/jdk.internal.reflect.DelegatingMethodAccessorImpl.invoke(DelegatingMethodAccessorImpl.java:43)&#xa;Caused by: java.lang.IllegalArgumentException: This object don't have IMAGE_FILE property, please add it&#xa;	at com.kms.katalon.core.webui.keyword.builtin.ClickImageKeyword$_clickImage_closure1.doCall(ClickImageKeyword.groovy:77)&#xa;	at com.kms.katalon.core.webui.keyword.builtin.ClickImageKeyword$_clickImage_closure1.call(ClickImageKeyword.groovy)&#xa;	at com.kms.katalon.core.webui.keyword.internal.WebUIKeywordMain.runKeyword(WebUIKeywordMain.groovy:20)&#xa;	... 20 more&#xa;"/>
         <system-out><![CDATA[06-05-2024T09:53:34 - [TEST_CASE][FAILED] - Test Cases/Replenish Stock from Main Warehouse: Test Cases/Replenish Stock from Main Warehouse FAILED.
Reason:
com.kms.katalon.core.exception.StepFailedException: Unable to click on image
	at com.kms.katalon.core.webui.keyword.internal.WebUIKeywordMain.stepFailed(WebUIKeywordMain.groovy:64)
	at com.kms.katalon.core.webui.keyword.internal.WebUIKeywordMain.runKeyword(WebUIKeywordMain.groovy:26)
	at com.kms.katalon.core.webui.keyword.builtin.ClickImageKeyword.clickImage(ClickImageKeyword.groovy:90)
	at com.kms.katalon.core.webui.keyword.builtin.ClickImageKeyword.execute(ClickImageKeyword.groovy:67)
	at com.kms.katalon.core.keyword.internal.KeywordExecutor.executeKeywordForPlatform(KeywordExecutor.groovy:74)
	at com.kms.katalon.core.webui.keyword.WebUiBuiltInKeywords.clickImage(WebUiBuiltInKeywords.groovy:2779)
	at Replenish Stock from Main Warehouse.run(Replenish Stock from Main Warehouse:23)
	at com.kms.katalon.core.main.ScriptEngine.run(ScriptEngine.java:194)
	at com.kms.katalon.core.main.ScriptEngine.runScriptAsRawText(ScriptEngine.java:119)
	at com.kms.katalon.core.main.TestCaseExecutor.runScript(TestCaseExecutor.java:448)
	at com.kms.katalon.core.main.TestCaseExecutor.doExecute(TestCaseExecutor.java:439)
	at com.kms.katalon.core.main.TestCaseExecutor.processExecutionPhase(TestCaseExecutor.java:418)
	at com.kms.katalon.core.main.TestCaseExecutor.accessMainPhase(TestCaseExecutor.java:410)
	at com.kms.katalon.core.main.TestCaseExecutor.execute(TestCaseExecutor.java:285)
	at com.kms.katalon.core.common.CommonExecutor.accessTestCaseMainPhase(CommonExecutor.java:65)
	at com.kms.katalon.core.main.TestSuiteExecutor.accessTestSuiteMainPhase(TestSuiteExecutor.java:148)
	at com.kms.katalon.core.main.TestSuiteExecutor.execute(TestSuiteExecutor.java:106)
	at com.kms.katalon.core.main.TestCaseMain.startTestSuite(TestCaseMain.java:180)
	at TempTestSuite1715003411880.run(TempTestSuite1715003411880.groovy:35)
	at java.base/jdk.internal.reflect.NativeMethodAccessorImpl.invoke0(Native Method)
	at java.base/jdk.internal.reflect.NativeMethodAccessorImpl.invoke(NativeMethodAccessorImpl.java:77)
	at java.base/jdk.internal.reflect.DelegatingMethodAccessorImpl.invoke(DelegatingMethodAccessorImpl.java:43)
Caused by: java.lang.IllegalArgumentException: This object don't have IMAGE_FILE property, please add it
	at com.kms.katalon.core.webui.keyword.builtin.ClickImageKeyword$_clickImage_closure1.doCall(ClickImageKeyword.groovy:77)
	at com.kms.katalon.core.webui.keyword.builtin.ClickImageKeyword$_clickImage_closure1.call(ClickImageKeyword.groovy)
	at com.kms.katalon.core.webui.keyword.internal.WebUIKeywordMain.runKeyword(WebUIKeywordMain.groovy:20)
	... 20 more


06-05-2024T09:53:35 - [TEST_STEP][PASSED] - callTestCase(findTestCase("Login to Odoo Inventory ERP System"), ["Email":"boybawang1900@gmail.com", "Password":"OdooLogin@1234"], STOP_ON_FAILURE): Call Test Case 'Test Cases/Login to Odoo Inventory ERP System' successfully

06-05-2024T09:53:35 - [TEST_CASE][PASSED] - Test Cases/Login to Odoo Inventory ERP System: Test Cases/Login to Odoo Inventory ERP System

06-05-2024T09:53:35 - [TEST_STEP][PASSED] - openBrowser(""): Browser is opened with url: ''

06-05-2024T09:53:35 - [MESSAGE][INFO] - Starting 'Chrome' driver

06-05-2024T09:53:35 - [MESSAGE][INFO] - Action delay is set to 0 milliseconds

06-05-2024T09:53:35 - [MESSAGE][PASSED] - Browser is opened with url: ''

06-05-2024T09:53:35 - [TEST_STEP][PASSED] - navigateToUrl("https://freelance25.odoo.com/web/login?redirect=%2Fodoo%3F"): Navigate to 'https://freelance25.odoo.com/web/login?redirect=%2Fodoo%3F' successfully

06-05-2024T09:53:36 - [MESSAGE][PASSED] - Navigate to 'https://freelance25.odoo.com/web/login?redirect=%2Fodoo%3F' successfully

06-05-2024T09:53:36 - [TEST_STEP][PASSED] - setText(findTestObject("Object Repository/Odoo_loginPage/txt_Email"), Email): Text 'boybawang1900@gmail.com' is set on object 'Object Repository/Odoo_loginPage/txt_Email'

06-05-2024T09:53:37 - [MESSAGE][PASSED] - Text 'boybawang1900@gmail.com' is set on object 'Object Repository/Odoo_loginPage/txt_Email'

06-05-2024T09:53:37 - [TEST_STEP][PASSED] - setText(findTestObject("Object Repository/Odoo_loginPage/txt_Password"), Password): Text 'OdooLogin@1234' is set on object 'Object Repository/Odoo_loginPage/txt_Password'

06-05-2024T09:53:38 - [MESSAGE][PASSED] - Text 'OdooLogin@1234' is set on object 'Object Repository/Odoo_loginPage/txt_Password'

06-05-2024T09:53:38 - [TEST_STEP][PASSED] - click(findTestObject("Object Repository/Odoo_loginPage/btn_Login")): Object: 'Object Repository/Odoo_loginPage/btn_Login' is clicked on

06-05-2024T09:53:39 - [MESSAGE][PASSED] - Object: 'Object Repository/Odoo_loginPage/btn_Login' is clicked on

06-05-2024T09:53:39 - [MESSAGE][PASSED] - Call Test Case 'Test Cases/Login to Odoo Inventory ERP System' successfully

06-05-2024T09:53:39 - [TEST_STEP][FAILED] - clickImage(findTestObject("homeMenuPage/inventorylink")): Unable to click on image (Root cause: com.kms.katalon.core.exception.StepFailedException: Unable to click on image
	at com.kms.katalon.core.webui.keyword.internal.WebUIKeywordMain.stepFailed(WebUIKeywordMain.groovy:64)
	at com.kms.katalon.core.webui.keyword.internal.WebUIKeywordMain.runKeyword(WebUIKeywordMain.groovy:26)
	at com.kms.katalon.core.webui.keyword.builtin.ClickImageKeyword.clickImage(ClickImageKeyword.groovy:90)
	at com.kms.katalon.core.webui.keyword.builtin.ClickImageKeyword.execute(ClickImageKeyword.groovy:67)
	at com.kms.katalon.core.keyword.internal.KeywordExecutor.executeKeywordForPlatform(KeywordExecutor.groovy:74)
	at com.kms.katalon.core.webui.keyword.WebUiBuiltInKeywords.clickImage(WebUiBuiltInKeywords.groovy:2779)
	at Replenish Stock from Main Warehouse.run(Replenish Stock from Main Warehouse:23)
	at com.kms.katalon.core.main.ScriptEngine.run(ScriptEngine.java:194)
	at com.kms.katalon.core.main.ScriptEngine.runScriptAsRawText(ScriptEngine.java:119)
	at com.kms.katalon.core.main.TestCaseExecutor.runScript(TestCaseExecutor.java:448)
	at com.kms.katalon.core.main.TestCaseExecutor.doExecute(TestCaseExecutor.java:439)
	at com.kms.katalon.core.main.TestCaseExecutor.processExecutionPhase(TestCaseExecutor.java:418)
	at com.kms.katalon.core.main.TestCaseExecutor.accessMainPhase(TestCaseExecutor.java:410)
	at com.kms.katalon.core.main.TestCaseExecutor.execute(TestCaseExecutor.java:285)
	at com.kms.katalon.core.common.CommonExecutor.accessTestCaseMainPhase(CommonExecutor.java:65)
	at com.kms.katalon.core.main.TestSuiteExecutor.accessTestSuiteMainPhase(TestSuiteExecutor.java:148)
	at com.kms.katalon.core.main.TestSuiteExecutor.execute(TestSuiteExecutor.java:106)
	at com.kms.katalon.core.main.TestCaseMain.startTestSuite(TestCaseMain.java:180)
	at TempTestSuite1715003411880.run(TempTestSuite1715003411880.groovy:35)
	at java.base/jdk.internal.reflect.NativeMethodAccessorImpl.invoke0(Native Method)
	at java.base/jdk.internal.reflect.NativeMethodAccessorImpl.invoke(NativeMethodAccessorImpl.java:77)
	at java.base/jdk.internal.reflect.DelegatingMethodAccessorImpl.invoke(DelegatingMethodAccessorImpl.java:43)
Caused by: java.lang.IllegalArgumentException: This object don't have IMAGE_FILE property, please add it
	at com.kms.katalon.core.webui.keyword.builtin.ClickImageKeyword$_clickImage_closure1.doCall(ClickImageKeyword.groovy:77)
	at com.kms.katalon.core.webui.keyword.builtin.ClickImageKeyword$_clickImage_closure1.call(ClickImageKeyword.groovy)
	at com.kms.katalon.core.webui.keyword.internal.WebUIKeywordMain.runKeyword(WebUIKeywordMain.groovy:20)
	at com.kms.katalon.core.webui.keyword.builtin.ClickImageKeyword.clickImage(ClickImageKeyword.groovy:90)
	at com.kms.katalon.core.webui.keyword.builtin.ClickImageKeyword.execute(ClickImageKeyword.groovy:67)
	at com.kms.katalon.core.keyword.internal.KeywordExecutor.executeKeywordForPlatform(KeywordExecutor.groovy:74)
	at com.kms.katalon.core.webui.keyword.WebUiBuiltInKeywords.clickImage(WebUiBuiltInKeywords.groovy:2779)
	at Script1713283605917.run(Script1713283605917.groovy:23)
	... 15 more
)

06-05-2024T09:53:40 - [MESSAGE][FAILED] - Unable to click on image (Root cause: com.kms.katalon.core.exception.StepFailedException: Unable to click on image
	at com.kms.katalon.core.webui.keyword.internal.WebUIKeywordMain.stepFailed(WebUIKeywordMain.groovy:64)
	at com.kms.katalon.core.webui.keyword.internal.WebUIKeywordMain.runKeyword(WebUIKeywordMain.groovy:26)
	at com.kms.katalon.core.webui.keyword.builtin.ClickImageKeyword.clickImage(ClickImageKeyword.groovy:90)
	at com.kms.katalon.core.webui.keyword.builtin.ClickImageKeyword.execute(ClickImageKeyword.groovy:67)
	at com.kms.katalon.core.keyword.internal.KeywordExecutor.executeKeywordForPlatform(KeywordExecutor.groovy:74)
	at com.kms.katalon.core.webui.keyword.WebUiBuiltInKeywords.clickImage(WebUiBuiltInKeywords.groovy:2779)
	at Replenish Stock from Main Warehouse.run(Replenish Stock from Main Warehouse:23)
	at com.kms.katalon.core.main.ScriptEngine.run(ScriptEngine.java:194)
	at com.kms.katalon.core.main.ScriptEngine.runScriptAsRawText(ScriptEngine.java:119)
	at com.kms.katalon.core.main.TestCaseExecutor.runScript(TestCaseExecutor.java:448)
	at com.kms.katalon.core.main.TestCaseExecutor.doExecute(TestCaseExecutor.java:439)
	at com.kms.katalon.core.main.TestCaseExecutor.processExecutionPhase(TestCaseExecutor.java:418)
	at com.kms.katalon.core.main.TestCaseExecutor.accessMainPhase(TestCaseExecutor.java:410)
	at com.kms.katalon.core.main.TestCaseExecutor.execute(TestCaseExecutor.java:285)
	at com.kms.katalon.core.common.CommonExecutor.accessTestCaseMainPhase(CommonExecutor.java:65)
	at com.kms.katalon.core.main.TestSuiteExecutor.accessTestSuiteMainPhase(TestSuiteExecutor.java:148)
	at com.kms.katalon.core.main.TestSuiteExecutor.execute(TestSuiteExecutor.java:106)
	at com.kms.katalon.core.main.TestCaseMain.startTestSuite(TestCaseMain.java:180)
	at TempTestSuite1715003411880.run(TempTestSuite1715003411880.groovy:35)
	at java.base/jdk.internal.reflect.NativeMethodAccessorImpl.invoke0(Native Method)
	at java.base/jdk.internal.reflect.NativeMethodAccessorImpl.invoke(NativeMethodAccessorImpl.java:77)
	at java.base/jdk.internal.reflect.DelegatingMethodAccessorImpl.invoke(DelegatingMethodAccessorImpl.java:43)
Caused by: java.lang.IllegalArgumentException: This object don't have IMAGE_FILE property, please add it
	at com.kms.katalon.core.webui.keyword.builtin.ClickImageKeyword$_clickImage_closure1.doCall(ClickImageKeyword.groovy:77)
	at com.kms.katalon.core.webui.keyword.builtin.ClickImageKeyword$_clickImage_closure1.call(ClickImageKeyword.groovy)
	at com.kms.katalon.core.webui.keyword.internal.WebUIKeywordMain.runKeyword(WebUIKeywordMain.groovy:20)
	at com.kms.katalon.core.webui.keyword.builtin.ClickImageKeyword.clickImage(ClickImageKeyword.groovy:90)
	at com.kms.katalon.core.webui.keyword.builtin.ClickImageKeyword.execute(ClickImageKeyword.groovy:67)
	at com.kms.katalon.core.keyword.internal.KeywordExecutor.executeKeywordForPlatform(KeywordExecutor.groovy:74)
	at com.kms.katalon.core.webui.keyword.WebUiBuiltInKeywords.clickImage(WebUiBuiltInKeywords.groovy:2779)
	at Script1713283605917.run(Script1713283605917.groovy:23)
	... 15 more
)
[[ATTACHMENT|C:\\Users\\UmaSankaran\\git\\OdooInventoryKatalon\\newcode\\OdooInventoryKatalon\\05-02\\Reports\\20240506_095006\\Scrap Inventory\\20240506_095011\\1715003620006.png]]]]></system-out>
         <system-err><![CDATA[06-05-2024T09:53:34 - [TEST_CASE][FAILED] - Test Cases/Replenish Stock from Main Warehouse: Test Cases/Replenish Stock from Main Warehouse FAILED.
Reason:
com.kms.katalon.core.exception.StepFailedException: Unable to click on image
	at com.kms.katalon.core.webui.keyword.internal.WebUIKeywordMain.stepFailed(WebUIKeywordMain.groovy:64)
	at com.kms.katalon.core.webui.keyword.internal.WebUIKeywordMain.runKeyword(WebUIKeywordMain.groovy:26)
	at com.kms.katalon.core.webui.keyword.builtin.ClickImageKeyword.clickImage(ClickImageKeyword.groovy:90)
	at com.kms.katalon.core.webui.keyword.builtin.ClickImageKeyword.execute(ClickImageKeyword.groovy:67)
	at com.kms.katalon.core.keyword.internal.KeywordExecutor.executeKeywordForPlatform(KeywordExecutor.groovy:74)
	at com.kms.katalon.core.webui.keyword.WebUiBuiltInKeywords.clickImage(WebUiBuiltInKeywords.groovy:2779)
	at Replenish Stock from Main Warehouse.run(Replenish Stock from Main Warehouse:23)
	at com.kms.katalon.core.main.ScriptEngine.run(ScriptEngine.java:194)
	at com.kms.katalon.core.main.ScriptEngine.runScriptAsRawText(ScriptEngine.java:119)
	at com.kms.katalon.core.main.TestCaseExecutor.runScript(TestCaseExecutor.java:448)
	at com.kms.katalon.core.main.TestCaseExecutor.doExecute(TestCaseExecutor.java:439)
	at com.kms.katalon.core.main.TestCaseExecutor.processExecutionPhase(TestCaseExecutor.java:418)
	at com.kms.katalon.core.main.TestCaseExecutor.accessMainPhase(TestCaseExecutor.java:410)
	at com.kms.katalon.core.main.TestCaseExecutor.execute(TestCaseExecutor.java:285)
	at com.kms.katalon.core.common.CommonExecutor.accessTestCaseMainPhase(CommonExecutor.java:65)
	at com.kms.katalon.core.main.TestSuiteExecutor.accessTestSuiteMainPhase(TestSuiteExecutor.java:148)
	at com.kms.katalon.core.main.TestSuiteExecutor.execute(TestSuiteExecutor.java:106)
	at com.kms.katalon.core.main.TestCaseMain.startTestSuite(TestCaseMain.java:180)
	at TempTestSuite1715003411880.run(TempTestSuite1715003411880.groovy:35)
	at java.base/jdk.internal.reflect.NativeMethodAccessorImpl.invoke0(Native Method)
	at java.base/jdk.internal.reflect.NativeMethodAccessorImpl.invoke(NativeMethodAccessorImpl.java:77)
	at java.base/jdk.internal.reflect.DelegatingMethodAccessorImpl.invoke(DelegatingMethodAccessorImpl.java:43)
Caused by: java.lang.IllegalArgumentException: This object don't have IMAGE_FILE property, please add it
	at com.kms.katalon.core.webui.keyword.builtin.ClickImageKeyword$_clickImage_closure1.doCall(ClickImageKeyword.groovy:77)
	at com.kms.katalon.core.webui.keyword.builtin.ClickImageKeyword$_clickImage_closure1.call(ClickImageKeyword.groovy)
	at com.kms.katalon.core.webui.keyword.internal.WebUIKeywordMain.runKeyword(WebUIKeywordMain.groovy:20)
	... 20 more]]></system-err>
      </testcase>
      <testcase name="Test Cases/restful-booker API Testing" time="1.217" classname="Test Cases/restful-booker API Testing" status="PASSED">
         <system-out><![CDATA[06-05-2024T09:53:40 - [TEST_CASE][PASSED] - Test Cases/restful-booker API Testing: Test Cases/restful-booker API Testing

06-05-2024T09:53:40 - [TEST_STEP][PASSED] - sendRequest(findTestObject("restful-booker API/Booking - GetBookingIds")): Send request successfully

06-05-2024T09:53:41 - [MESSAGE][INFO] - HAR: C:\Users\UmaSankaran\git\OdooInventoryKatalon\newcode\OdooInventoryKatalon\05-02\Reports\20240506_095006\Scrap Inventory\20240506_095011\requests\main\0.har

06-05-2024T09:53:41 - [MESSAGE][PASSED] - Send request successfully]]></system-out>
         <system-err><![CDATA[]]></system-err>
      </testcase>
      <testcase name="Test Cases/Sample Test Case" time="0.005" classname="Test Cases/Sample Test Case" status="PASSED">
         <system-out><![CDATA[06-05-2024T09:53:41 - [TEST_CASE][PASSED] - Test Cases/Sample Test Case: Test Cases/Sample Test Case

06-05-2024T09:53:41 - [TEST_STEP][PASSED] - return null: null]]></system-out>
         <system-err><![CDATA[]]></system-err>
      </testcase>
      <system-out><![CDATA[06-05-2024T09:50:38 - [TEST_SUITE][FAILED] - Scrap Inventory: Test Cases/Create Receipts_HM FAILED.
Reason:
com.kms.katalon.core.exception.StepFailedException: Unable to verify object 'Object Repository/homeMenuPage/inventorylink' is visible
	at com.kms.katalon.core.webui.keyword.internal.WebUIKeywordMain.stepFailed(WebUIKeywordMain.groovy:64)
	at com.kms.katalon.core.webui.keyword.internal.WebUIKeywordMain.runKeyword(WebUIKeywordMain.groovy:26)
	at com.kms.katalon.core.webui.keyword.builtin.VerifyElementVisibleKeyword.verifyElementVisible(VerifyElementVisibleKeyword.groovy:97)
	at com.kms.katalon.core.webui.keyword.builtin.VerifyElementVisibleKeyword.execute(VerifyElementVisibleKeyword.groovy:67)
	at com.kms.katalon.core.keyword.internal.KeywordExecutor.executeKeywordForPlatform(KeywordExecutor.groovy:74)
	at com.kms.katalon.core.webui.keyword.WebUiBuiltInKeywords.verifyElementVisible(WebUiBuiltInKeywords.groovy:415)
	at Create Receipts_HM.run(Create Receipts_HM:22)
	at com.kms.katalon.core.main.ScriptEngine.run(ScriptEngine.java:194)
	at com.kms.katalon.core.main.ScriptEngine.runScriptAsRawText(ScriptEngine.java:119)
	at com.kms.katalon.core.main.TestCaseExecutor.runScript(TestCaseExecutor.java:448)
	at com.kms.katalon.core.main.TestCaseExecutor.doExecute(TestCaseExecutor.java:439)
	at com.kms.katalon.core.main.TestCaseExecutor.processExecutionPhase(TestCaseExecutor.java:418)
	at com.kms.katalon.core.main.TestCaseExecutor.accessMainPhase(TestCaseExecutor.java:410)
	at com.kms.katalon.core.main.TestCaseExecutor.execute(TestCaseExecutor.java:285)
	at com.kms.katalon.core.common.CommonExecutor.accessTestCaseMainPhase(CommonExecutor.java:65)
	at com.kms.katalon.core.main.TestSuiteExecutor.accessTestSuiteMainPhase(TestSuiteExecutor.java:148)
	at com.kms.katalon.core.main.TestSuiteExecutor.execute(TestSuiteExecutor.java:106)
	at com.kms.katalon.core.main.TestCaseMain.startTestSuite(TestCaseMain.java:180)
	at TempTestSuite1715003411880.run(TempTestSuite1715003411880.groovy:35)
	at java.base/jdk.internal.reflect.NativeMethodAccessorImpl.invoke0(Native Method)
	at java.base/jdk.internal.reflect.NativeMethodAccessorImpl.invoke(NativeMethodAccessorImpl.java:77)
	at java.base/jdk.internal.reflect.DelegatingMethodAccessorImpl.invoke(DelegatingMethodAccessorImpl.java:43)
Caused by: com.kms.katalon.core.exception.StepFailedException: Web element with id: 'Object Repository/homeMenuPage/inventorylink' located by '//a[@id='result_app_2']/img' not found
	at com.kms.katalon.core.webui.keyword.internal.WebUIKeywordMain.stepFailed(WebUIKeywordMain.groovy:64)
	at com.kms.katalon.core.webui.keyword.builtin.VerifyElementVisibleKeyword$_verifyElementVisible_closure1.doCall(VerifyElementVisibleKeyword.groovy:89)
	at com.kms.katalon.core.webui.keyword.builtin.VerifyElementVisibleKeyword$_verifyElementVisible_closure1.call(VerifyElementVisibleKeyword.groovy)
	at com.kms.katalon.core.webui.keyword.internal.WebUIKeywordMain.runKeyword(WebUIKeywordMain.groovy:20)
	... 20 more]]></system-out>
      <system-err><![CDATA[06-05-2024T09:50:38 - [TEST_SUITE][FAILED] - Scrap Inventory: Test Cases/Create Receipts_HM FAILED.
Reason:
com.kms.katalon.core.exception.StepFailedException: Unable to verify object 'Object Repository/homeMenuPage/inventorylink' is visible
	at com.kms.katalon.core.webui.keyword.internal.WebUIKeywordMain.stepFailed(WebUIKeywordMain.groovy:64)
	at com.kms.katalon.core.webui.keyword.internal.WebUIKeywordMain.runKeyword(WebUIKeywordMain.groovy:26)
	at com.kms.katalon.core.webui.keyword.builtin.VerifyElementVisibleKeyword.verifyElementVisible(VerifyElementVisibleKeyword.groovy:97)
	at com.kms.katalon.core.webui.keyword.builtin.VerifyElementVisibleKeyword.execute(VerifyElementVisibleKeyword.groovy:67)
	at com.kms.katalon.core.keyword.internal.KeywordExecutor.executeKeywordForPlatform(KeywordExecutor.groovy:74)
	at com.kms.katalon.core.webui.keyword.WebUiBuiltInKeywords.verifyElementVisible(WebUiBuiltInKeywords.groovy:415)
	at Create Receipts_HM.run(Create Receipts_HM:22)
	at com.kms.katalon.core.main.ScriptEngine.run(ScriptEngine.java:194)
	at com.kms.katalon.core.main.ScriptEngine.runScriptAsRawText(ScriptEngine.java:119)
	at com.kms.katalon.core.main.TestCaseExecutor.runScript(TestCaseExecutor.java:448)
	at com.kms.katalon.core.main.TestCaseExecutor.doExecute(TestCaseExecutor.java:439)
	at com.kms.katalon.core.main.TestCaseExecutor.processExecutionPhase(TestCaseExecutor.java:418)
	at com.kms.katalon.core.main.TestCaseExecutor.accessMainPhase(TestCaseExecutor.java:410)
	at com.kms.katalon.core.main.TestCaseExecutor.execute(TestCaseExecutor.java:285)
	at com.kms.katalon.core.common.CommonExecutor.accessTestCaseMainPhase(CommonExecutor.java:65)
	at com.kms.katalon.core.main.TestSuiteExecutor.accessTestSuiteMainPhase(TestSuiteExecutor.java:148)
	at com.kms.katalon.core.main.TestSuiteExecutor.execute(TestSuiteExecutor.java:106)
	at com.kms.katalon.core.main.TestCaseMain.startTestSuite(TestCaseMain.java:180)
	at TempTestSuite1715003411880.run(TempTestSuite1715003411880.groovy:35)
	at java.base/jdk.internal.reflect.NativeMethodAccessorImpl.invoke0(Native Method)
	at java.base/jdk.internal.reflect.NativeMethodAccessorImpl.invoke(NativeMethodAccessorImpl.java:77)
	at java.base/jdk.internal.reflect.DelegatingMethodAccessorImpl.invoke(DelegatingMethodAccessorImpl.java:43)
Caused by: com.kms.katalon.core.exception.StepFailedException: Web element with id: 'Object Repository/homeMenuPage/inventorylink' located by '//a[@id='result_app_2']/img' not found
	at com.kms.katalon.core.webui.keyword.internal.WebUIKeywordMain.stepFailed(WebUIKeywordMain.groovy:64)
	at com.kms.katalon.core.webui.keyword.builtin.VerifyElementVisibleKeyword$_verifyElementVisible_closure1.doCall(VerifyElementVisibleKeyword.groovy:89)
	at com.kms.katalon.core.webui.keyword.builtin.VerifyElementVisibleKeyword$_verifyElementVisible_closure1.call(VerifyElementVisibleKeyword.groovy)
	at com.kms.katalon.core.webui.keyword.internal.WebUIKeywordMain.runKeyword(WebUIKeywordMain.groovy:20)
	... 20 more]]></system-err>
   </testsuite>
</testsuites>
